TN:
SF:src/components/common/ButtonLoader.tsx
FN:12,ButtonLoader
FNF:1
FNH:0
FNDA:0,ButtonLoader
DA:1,0
DA:13,0
LF:2
LH:0
BRDA:12,0,0,0
BRF:1
BRH:0
end_of_record
TN:
SF:src/components/common/ContentReveal.tsx
FN:12,ContentReveal
FNF:1
FNH:0
FNDA:0,ContentReveal
DA:1,0
DA:13,0
LF:2
LH:0
BRDA:15,0,0,0
BRDA:15,0,1,0
BRF:2
BRH:0
end_of_record
TN:
SF:src/components/common/DailyMoodOrb.tsx
FN:39,DailyMoodOrb
FNF:1
FNH:0
FNDA:0,DailyMoodOrb
DA:1,0
DA:5,0
DA:40,0
DA:42,0
LF:4
LH:0
BRDA:40,0,0,0
BRDA:40,0,1,0
BRF:2
BRH:0
end_of_record
TN:
SF:src/components/common/RealTimeClock.tsx
FN:10,formatDate
FN:19,getClockPreference
FN:24,formatDigitalTimeParts
FN:31,(anonymous_3)
FN:32,(anonymous_4)
FN:33,(anonymous_5)
FN:41,formatTimezoneLabel
FN:47,(anonymous_7)
FN:61,RealTimeClock
FN:65,(anonymous_9)
FN:68,(anonymous_10)
FN:75,(anonymous_11)
FN:78,(anonymous_12)
FN:79,(anonymous_13)
FN:84,(anonymous_14)
FN:99,(anonymous_15)
FN:100,(anonymous_16)
FN:101,(anonymous_17)
FN:125,(anonymous_18)
FN:135,(anonymous_19)
FNF:20
FNH:0
FNDA:0,formatDate
FNDA:0,getClockPreference
FNDA:0,formatDigitalTimeParts
FNDA:0,(anonymous_3)
FNDA:0,(anonymous_4)
FNDA:0,(anonymous_5)
FNDA:0,formatTimezoneLabel
FNDA:0,(anonymous_7)
FNDA:0,RealTimeClock
FNDA:0,(anonymous_9)
FNDA:0,(anonymous_10)
FNDA:0,(anonymous_11)
FNDA:0,(anonymous_12)
FNDA:0,(anonymous_13)
FNDA:0,(anonymous_14)
FNDA:0,(anonymous_15)
FNDA:0,(anonymous_16)
FNDA:0,(anonymous_17)
FNDA:0,(anonymous_18)
FNDA:0,(anonymous_19)
DA:1,0
DA:11,0
DA:12,0
DA:13,0
DA:14,0
DA:16,0
DA:20,0
DA:21,0
DA:25,0
DA:31,0
DA:32,0
DA:33,0
DA:35,0
DA:42,0
DA:43,0
DA:47,0
DA:49,0
DA:56,0
DA:58,0
DA:62,0
DA:63,0
DA:65,0
DA:66,0
DA:68,0
DA:69,0
DA:70,0
DA:74,0
DA:75,0
DA:78,0
DA:79,0
DA:80,0
DA:81,0
DA:84,0
DA:87,0
DA:88,0
DA:89,0
DA:91,0
DA:92,0
DA:93,0
DA:94,0
DA:95,0
DA:96,0
DA:97,0
DA:99,0
DA:100,0
DA:101,0
DA:103,0
DA:126,0
DA:136,0
DA:137,0
DA:139,0
LF:51
LH:0
BRDA:20,0,0,0
BRDA:20,0,1,0
BRDA:21,1,0,0
BRDA:21,1,1,0
BRDA:31,2,0,0
BRDA:31,2,1,0
BRDA:32,3,0,0
BRDA:32,3,1,0
BRDA:33,4,0,0
BRDA:33,4,1,0
BRDA:56,5,0,0
BRDA:56,5,1,0
BRDA:58,6,0,0
BRDA:58,6,1,0
BRDA:69,7,0,0
BRDA:69,7,1,0
BRDA:136,8,0,0
BRDA:136,8,1,0
BRDA:209,9,0,0
BRDA:209,9,1,0
BRF:20
BRH:0
end_of_record
TN:
SF:src/components/common/ShimmerCard.tsx
FN:16,ShimmerCard
FN:43,(anonymous_1)
FNF:2
FNH:0
FNDA:0,ShimmerCard
FNDA:0,(anonymous_1)
DA:1,0
DA:22,0
DA:44,0
LF:3
LH:0
BRDA:18,0,0,0
BRDA:19,1,0,0
BRDA:20,2,0,0
BRDA:36,3,0,0
BRDA:36,3,1,0
BRDA:49,4,0,0
BRDA:49,4,1,0
BRDA:49,5,0,0
BRDA:49,5,1,0
BRF:9
BRH:0
end_of_record
TN:
SF:src/components/common/SkeletonWave.tsx
FN:12,SkeletonWave
FNF:1
FNH:0
FNDA:0,SkeletonWave
DA:1,0
DA:13,0
LF:2
LH:0
BRDA:12,0,0,0
BRF:1
BRH:0
end_of_record
TN:
SF:src/components/common/confirm-action-dialog.tsx
FN:25,ConfirmActionDialog
FN:47,(anonymous_1)
FNF:2
FNH:0
FNDA:0,ConfirmActionDialog
FNDA:0,(anonymous_1)
DA:1,0
DA:35,0
DA:48,0
DA:49,0
LF:4
LH:0
BRDA:30,0,0,0
BRDA:31,1,0,0
BRDA:32,2,0,0
BRDA:52,3,0,0
BRDA:52,3,1,0
BRF:5
BRH:0
end_of_record
TN:
SF:src/components/ui/alert-dialog.tsx
FN:15,(anonymous_0)
FN:30,(anonymous_1)
FN:48,(anonymous_2)
FN:56,(anonymous_3)
FN:64,(anonymous_4)
FN:72,(anonymous_5)
FN:84,(anonymous_6)
FN:92,(anonymous_7)
FNF:8
FNH:0
FNDA:0,(anonymous_0)
FNDA:0,(anonymous_1)
FNDA:0,(anonymous_2)
FNDA:0,(anonymous_3)
FNDA:0,(anonymous_4)
FNDA:0,(anonymous_5)
FNDA:0,(anonymous_6)
FNDA:0,(anonymous_7)
DA:1,0
DA:9,0
DA:11,0
DA:13,0
DA:15,0
DA:19,0
DA:28,0
DA:30,0
DA:34,0
DA:46,0
DA:48,0
DA:52,0
DA:54,0
DA:56,0
DA:60,0
DA:62,0
DA:64,0
DA:68,0
DA:70,0
DA:72,0
DA:76,0
DA:82,0
DA:84,0
DA:88,0
DA:90,0
DA:92,0
DA:96,0
DA:102,0
LF:28
LH:0
BRF:0
BRH:0
end_of_record
TN:
SF:src/components/ui/avatar.tsx
FN:8,Avatar
FN:28,AvatarImage
FN:41,AvatarFallback
FN:57,AvatarGroup
FN:70,AvatarGroupCount
FNF:5
FNH:0
FNDA:0,Avatar
FNDA:0,AvatarImage
FNDA:0,AvatarFallback
FNDA:0,AvatarGroup
FNDA:0,AvatarGroupCount
DA:1,0
DA:15,0
DA:29,0
DA:45,0
DA:58,0
DA:74,0
LF:6
LH:0
BRDA:10,0,0,0
BRF:1
BRH:0
end_of_record
TN:
SF:src/components/ui/badge.tsx
FN:30,Badge
FNF:1
FNH:1
FNDA:1,Badge
DA:7,2
DA:36,1
LF:2
LH:2
BRDA:32,0,0,1
BRF:1
BRH:1
end_of_record
TN:
SF:src/components/ui/button.tsx
FN:43,Button
FNF:1
FNH:0
FNDA:0,Button
DA:6,0
DA:49,0
LF:2
LH:0
BRDA:45,0,0,0
BRDA:46,1,0,0
BRF:2
BRH:0
end_of_record
TN:
SF:src/components/ui/card.tsx
FN:5,Card
FN:23,CardHeader
FN:36,CardTitle
FN:49,CardDescription
FN:59,CardContent
FNF:5
FNH:0
FNDA:0,Card
FNDA:0,CardHeader
FNDA:0,CardTitle
FNDA:0,CardDescription
FNDA:0,CardContent
DA:10,0
DA:24,0
DA:37,0
DA:50,0
DA:60,0
LF:5
LH:0
BRDA:7,0,0,0
BRF:1
BRH:0
end_of_record
TN:
SF:src/components/ui/input.tsx
FN:6,Input
FNF:1
FNH:0
FNDA:0,Input
DA:7,0
LF:1
LH:0
BRF:0
BRH:0
end_of_record
TN:
SF:src/components/ui/label.tsx
FN:7,Label
FNF:1
FNH:0
FNDA:0,Label
DA:1,0
DA:8,0
LF:2
LH:0
BRF:0
BRH:0
end_of_record
TN:
SF:src/components/ui/progress.tsx
FN:7,Progress
FN:28,ProgressTrack
FN:41,ProgressIndicator
FN:54,ProgressLabel
FN:64,ProgressValue
FNF:5
FNH:0
FNDA:0,Progress
FNDA:0,ProgressTrack
FNDA:0,ProgressIndicator
FNDA:0,ProgressLabel
FNDA:0,ProgressValue
DA:1,0
DA:13,0
DA:29,0
DA:45,0
DA:55,0
DA:65,0
LF:6
LH:0
BRF:0
BRH:0
end_of_record
TN:
SF:src/components/ui/select.tsx
FN:11,SelectGroup
FN:21,SelectValue
FN:31,SelectTrigger
FN:59,SelectContent
FN:98,SelectLabel
FN:111,SelectItem
FN:139,SelectSeparator
FN:152,SelectScrollUpButton
FN:171,SelectScrollDownButton
FNF:9
FNH:0
FNDA:0,SelectGroup
FNDA:0,SelectValue
FNDA:0,SelectTrigger
FNDA:0,SelectContent
FNDA:0,SelectLabel
FNDA:0,SelectItem
FNDA:0,SelectSeparator
FNDA:0,SelectScrollUpButton
FNDA:0,SelectScrollDownButton
DA:1,0
DA:9,0
DA:12,0
DA:22,0
DA:39,0
DA:73,0
DA:102,0
DA:116,0
DA:143,0
DA:156,0
DA:175,0
LF:11
LH:0
BRDA:33,0,0,0
BRDA:62,1,0,0
BRDA:63,2,0,0
BRDA:64,3,0,0
BRDA:65,4,0,0
BRDA:66,5,0,0
BRF:6
BRH:0
end_of_record
TN:
SF:src/components/ui/separator.tsx
FN:7,Separator
FNF:1
FNH:0
FNDA:0,Separator
DA:1,0
DA:12,0
LF:2
LH:0
BRDA:9,0,0,0
BRF:1
BRH:0
end_of_record
TN:
SF:src/components/ui/skeleton.tsx
FN:3,Skeleton
FNF:1
FNH:0
FNDA:0,Skeleton
DA:4,0
LF:1
LH:0
BRF:0
BRH:0
end_of_record
TN:
SF:src/components/ui/sonner.tsx
FN:7,(anonymous_0)
FNF:1
FNH:0
FNDA:0,(anonymous_0)
DA:1,0
DA:7,0
DA:8,0
DA:10,0
LF:4
LH:0
BRDA:8,0,0,0
BRF:1
BRH:0
end_of_record
TN:
SF:src/components/ui/tabs.tsx
FN:8,Tabs
FN:41,TabsList
FN:56,TabsTrigger
FN:72,TabsContent
FNF:4
FNH:0
FNDA:0,Tabs
FNDA:0,TabsList
FNDA:0,TabsTrigger
FNDA:0,TabsContent
DA:1,0
DA:13,0
DA:26,0
DA:46,0
DA:57,0
DA:73,0
LF:6
LH:0
BRDA:10,0,0,0
BRDA:43,1,0,0
BRF:2
BRH:0
end_of_record
TN:
SF:src/components/ui/textarea.tsx
FN:5,Textarea
FNF:1
FNH:0
FNDA:0,Textarea
DA:6,0
LF:1
LH:0
BRF:0
BRH:0
end_of_record
TN:
SF:src/features/auth/flows/manage/forgot-password/forgot-password-form.tsx
FN:16,ForgotPasswordForm
FNF:1
FNH:0
FNDA:0,ForgotPasswordForm
DA:1,0
DA:17,0
DA:21,0
DA:23,0
LF:4
LH:0
BRDA:34,0,0,0
BRDA:34,0,1,0
BRDA:38,1,0,0
BRDA:38,1,1,0
BRDA:46,2,0,0
BRDA:46,2,1,0
BRF:6
BRH:0
end_of_record
TN:
SF:src/features/auth/flows/manage/forgot-password/use-forgot-password-form.ts
FN:20,useForgotPasswordForm
FN:30,(anonymous_1)
FNF:2
FNH:0
FNDA:0,useForgotPasswordForm
FNDA:0,(anonymous_1)
DA:1,0
DA:21,0
DA:23,0
DA:30,0
DA:31,0
DA:32,0
DA:33,0
DA:34,0
DA:35,0
DA:37,0
DA:39,0
DA:40,0
DA:41,0
DA:44,0
DA:48,0
LF:15
LH:0
BRDA:37,0,0,0
BRDA:37,0,1,0
BRDA:39,1,0,0
BRDA:39,1,1,0
BRF:4
BRH:0
end_of_record
TN:
SF:src/features/auth/flows/manage/login/login-form.tsx
FN:20,LoginForm
FN:61,(anonymous_1)
FN:61,(anonymous_2)
FNF:3
FNH:0
FNDA:0,LoginForm
FNDA:0,(anonymous_1)
FNDA:0,(anonymous_2)
DA:1,0
DA:21,0
DA:22,0
DA:23,0
DA:25,0
DA:61,0
LF:6
LH:0
BRDA:45,0,0,0
BRDA:45,0,1,0
BRDA:51,1,0,0
BRDA:51,1,1,0
BRDA:64,2,0,0
BRDA:64,2,1,0
BRDA:74,3,0,0
BRDA:74,3,1,0
BRDA:67,4,0,0
BRDA:67,4,1,0
BRDA:78,5,0,0
BRDA:78,5,1,0
BRDA:105,6,0,0
BRDA:105,6,1,0
BRDA:113,7,0,0
BRDA:113,7,1,0
BRF:16
BRH:0
end_of_record
TN:
SF:src/features/auth/flows/manage/login/use-login-form.ts
FN:13,useLoginForm
FN:15,(anonymous_1)
FN:22,(anonymous_2)
FNF:3
FNH:0
FNDA:0,useLoginForm
FNDA:0,(anonymous_1)
FNDA:0,(anonymous_2)
DA:1,0
DA:14,0
DA:15,0
DA:17,0
DA:22,0
DA:23,0
DA:24,0
DA:25,0
DA:26,0
DA:27,0
DA:29,0
DA:34,0
DA:38,0
LF:13
LH:0
BRDA:29,0,0,0
BRDA:29,0,1,0
BRDA:31,1,0,0
BRDA:31,1,1,0
BRF:4
BRH:0
end_of_record
TN:
SF:src/features/auth/flows/manage/register/register-form.tsx
FN:17,RegisterForm
FN:76,(anonymous_1)
FN:76,(anonymous_2)
FN:98,(anonymous_3)
FN:98,(anonymous_4)
FN:132,(anonymous_5)
FN:132,(anonymous_6)
FNF:7
FNH:0
FNDA:0,RegisterForm
FNDA:0,(anonymous_1)
FNDA:0,(anonymous_2)
FNDA:0,(anonymous_3)
FNDA:0,(anonymous_4)
FNDA:0,(anonymous_5)
FNDA:0,(anonymous_6)
DA:1,0
DA:18,0
DA:19,0
DA:20,0
DA:21,0
DA:22,0
DA:24,0
DA:76,0
DA:98,0
DA:132,0
LF:10
LH:0
BRDA:45,0,0,0
BRDA:45,0,1,0
BRDA:60,1,0,0
BRDA:60,1,1,0
BRDA:65,2,0,0
BRDA:65,2,1,0
BRDA:79,3,0,0
BRDA:79,3,1,0
BRDA:89,4,0,0
BRDA:89,4,1,0
BRDA:82,5,0,0
BRDA:82,5,1,0
BRDA:93,6,0,0
BRDA:93,6,1,0
BRDA:104,7,0,0
BRDA:104,7,1,0
BRDA:121,8,0,0
BRDA:121,8,1,0
BRDA:135,9,0,0
BRDA:135,9,1,0
BRDA:145,10,0,0
BRDA:145,10,1,0
BRDA:138,11,0,0
BRDA:138,11,1,0
BRDA:149,12,0,0
BRDA:149,12,1,0
BRDA:169,13,0,0
BRDA:169,13,1,0
BRDA:177,14,0,0
BRDA:177,14,1,0
BRF:30
BRH:0
end_of_record
TN:
SF:src/features/auth/flows/manage/register/use-register-form.ts
FN:16,useRegisterForm
FN:28,(anonymous_1)
FNF:2
FNH:0
FNDA:0,useRegisterForm
FNDA:0,(anonymous_1)
DA:1,0
DA:17,0
DA:18,0
DA:20,0
DA:21,0
DA:23,0
DA:28,0
DA:29,0
DA:30,0
DA:34,0
DA:35,0
DA:37,0
DA:42,0
DA:46,0
LF:14
LH:0
BRDA:20,0,0,0
BRDA:20,0,1,0
BRDA:21,1,0,0
BRDA:21,1,1,0
BRDA:37,2,0,0
BRDA:37,2,1,0
BRDA:39,3,0,0
BRDA:39,3,1,0
BRF:8
BRH:0
end_of_record
TN:
SF:src/features/auth/flows/manage/reset-password/reset-password-form.tsx
FN:21,ResetPasswordForm
FN:75,(anonymous_1)
FN:75,(anonymous_2)
FNF:3
FNH:0
FNDA:0,ResetPasswordForm
FNDA:0,(anonymous_1)
FNDA:0,(anonymous_2)
DA:1,0
DA:22,0
DA:23,0
DA:27,0
DA:29,0
DA:75,0
LF:6
LH:0
BRDA:39,0,0,0
BRDA:39,0,1,0
BRDA:58,1,0,0
BRDA:58,1,1,0
BRDA:70,2,0,0
BRDA:70,2,1,0
BRDA:81,3,0,0
BRDA:81,3,1,0
BRDA:102,4,0,0
BRDA:102,4,1,0
BRDA:109,5,0,0
BRDA:109,5,1,0
BRDA:117,6,0,0
BRDA:117,6,1,0
BRF:14
BRH:0
end_of_record
TN:
SF:src/features/auth/flows/manage/reset-password/use-reset-password-form.ts
FN:20,useResetPasswordForm
FN:33,(anonymous_1)
FNF:2
FNH:0
FNDA:0,useResetPasswordForm
FNDA:0,(anonymous_1)
DA:1,0
DA:21,0
DA:23,0
DA:33,0
DA:34,0
DA:35,0
DA:36,0
DA:37,0
DA:39,0
DA:43,0
DA:44,0
DA:45,0
DA:48,0
DA:52,0
LF:14
LH:0
BRDA:26,0,0,0
BRDA:26,0,1,0
BRDA:39,1,0,0
BRDA:39,1,1,0
BRDA:43,2,0,0
BRDA:43,2,1,0
BRDA:43,3,0,0
BRDA:43,3,1,0
BRDA:43,3,2,0
BRF:9
BRH:0
end_of_record
TN:
SF:src/features/auth/shared/data/auth.service.ts
FN:13,(anonymous_0)
FN:14,(anonymous_1)
FN:16,(anonymous_2)
FN:17,(anonymous_3)
FN:19,(anonymous_4)
FN:20,(anonymous_5)
FN:22,(anonymous_6)
FN:23,(anonymous_7)
FN:25,(anonymous_8)
FN:25,(anonymous_9)
FN:27,(anonymous_10)
FN:28,(anonymous_11)
FN:30,(anonymous_12)
FN:31,(anonymous_13)
FNF:14
FNH:0
FNDA:0,(anonymous_0)
FNDA:0,(anonymous_1)
FNDA:0,(anonymous_2)
FNDA:0,(anonymous_3)
FNDA:0,(anonymous_4)
FNDA:0,(anonymous_5)
FNDA:0,(anonymous_6)
FNDA:0,(anonymous_7)
FNDA:0,(anonymous_8)
FNDA:0,(anonymous_9)
FNDA:0,(anonymous_10)
FNDA:0,(anonymous_11)
FNDA:0,(anonymous_12)
FNDA:0,(anonymous_13)
DA:12,0
DA:14,0
DA:17,0
DA:20,0
DA:23,0
DA:25,0
DA:28,0
DA:31,0
LF:8
LH:0
BRF:0
BRH:0
end_of_record
TN:
SF:src/features/auth/shared/domain/auth.schema.ts
FN:19,(anonymous_0)
FN:35,(anonymous_1)
FNF:2
FNH:0
FNDA:0,(anonymous_0)
FNDA:0,(anonymous_1)
DA:3,0
DA:5,0
DA:7,0
DA:12,0
DA:19,0
DA:24,0
DA:28,0
DA:35,0
LF:8
LH:0
BRF:0
BRH:0
end_of_record
TN:
SF:src/features/auth/shared/domain/auth.types.ts
FNF:0
FNH:0
LF:0
LH:0
BRF:0
BRH:0
end_of_record
TN:
SF:src/features/circles/flows/manage/create/create-circle-form.tsx
FN:14,CreateCircleForm
FN:26,(anonymous_1)
FNF:2
FNH:0
FNDA:0,CreateCircleForm
FNDA:0,(anonymous_1)
DA:1,0
DA:21,0
DA:22,0
DA:26,0
DA:27,0
DA:28,0
DA:29,0
DA:30,0
DA:31,0
DA:33,0
DA:37,0
LF:11
LH:0
BRDA:62,0,0,0
BRDA:62,0,1,0
BRDA:84,1,0,0
BRDA:84,1,1,0
BRF:4
BRH:0
end_of_record
TN:
SF:src/features/circles/flows/manage/create/use-create-circle.ts
FN:5,useCreateCircle
FN:9,(anonymous_1)
FNF:2
FNH:0
FNDA:0,useCreateCircle
FNDA:0,(anonymous_1)
DA:6,0
DA:7,0
DA:9,0
LF:3
LH:0
BRF:0
BRH:0
end_of_record
TN:
SF:src/features/circles/flows/view/detail/circle-detail-view.tsx
FN:36,initials
FN:42,(anonymous_1)
FN:45,formatDate
FN:65,gradientFor
FN:66,(anonymous_4)
FN:70,CircleDetailView
FN:84,getInviteErrorMessage
FN:98,(anonymous_7)
FN:99,(anonymous_8)
FN:110,(anonymous_9)
FN:116,(anonymous_10)
FN:117,(anonymous_11)
FN:122,(anonymous_12)
FN:126,(anonymous_13)
FN:127,(anonymous_14)
FN:132,(anonymous_15)
FN:136,(anonymous_16)
FN:137,(anonymous_17)
FN:142,(anonymous_18)
FN:146,(anonymous_19)
FN:147,(anonymous_20)
FN:151,(anonymous_21)
FN:155,(anonymous_22)
FN:156,(anonymous_23)
FN:161,(anonymous_24)
FN:165,(anonymous_25)
FN:166,(anonymous_26)
FN:171,(anonymous_27)
FN:174,(anonymous_28)
FN:178,(anonymous_29)
FN:188,(anonymous_30)
FN:197,(anonymous_31)
FN:211,(anonymous_32)
FN:219,(anonymous_33)
FN:220,(anonymous_34)
FN:221,(anonymous_35)
FN:238,(anonymous_36)
FN:244,(anonymous_37)
FN:250,(anonymous_38)
FN:257,(anonymous_39)
FN:315,(anonymous_40)
FN:342,(anonymous_41)
FN:352,(anonymous_42)
FN:389,(anonymous_43)
FN:395,(anonymous_44)
FN:412,(anonymous_45)
FN:417,(anonymous_46)
FN:441,(anonymous_47)
FN:458,(anonymous_48)
FN:468,(anonymous_49)
FN:477,(anonymous_50)
FN:486,(anonymous_51)
FN:512,(anonymous_52)
FN:543,(anonymous_53)
FN:569,(anonymous_54)
FN:598,(anonymous_55)
FN:641,(anonymous_56)
FNF:57
FNH:0
FNDA:0,initials
FNDA:0,(anonymous_1)
FNDA:0,formatDate
FNDA:0,gradientFor
FNDA:0,(anonymous_4)
FNDA:0,CircleDetailView
FNDA:0,getInviteErrorMessage
FNDA:0,(anonymous_7)
FNDA:0,(anonymous_8)
FNDA:0,(anonymous_9)
FNDA:0,(anonymous_10)
FNDA:0,(anonymous_11)
FNDA:0,(anonymous_12)
FNDA:0,(anonymous_13)
FNDA:0,(anonymous_14)
FNDA:0,(anonymous_15)
FNDA:0,(anonymous_16)
FNDA:0,(anonymous_17)
FNDA:0,(anonymous_18)
FNDA:0,(anonymous_19)
FNDA:0,(anonymous_20)
FNDA:0,(anonymous_21)
FNDA:0,(anonymous_22)
FNDA:0,(anonymous_23)
FNDA:0,(anonymous_24)
FNDA:0,(anonymous_25)
FNDA:0,(anonymous_26)
FNDA:0,(anonymous_27)
FNDA:0,(anonymous_28)
FNDA:0,(anonymous_29)
FNDA:0,(anonymous_30)
FNDA:0,(anonymous_31)
FNDA:0,(anonymous_32)
FNDA:0,(anonymous_33)
FNDA:0,(anonymous_34)
FNDA:0,(anonymous_35)
FNDA:0,(anonymous_36)
FNDA:0,(anonymous_37)
FNDA:0,(anonymous_38)
FNDA:0,(anonymous_39)
FNDA:0,(anonymous_40)
FNDA:0,(anonymous_41)
FNDA:0,(anonymous_42)
FNDA:0,(anonymous_43)
FNDA:0,(anonymous_44)
FNDA:0,(anonymous_45)
FNDA:0,(anonymous_46)
FNDA:0,(anonymous_47)
FNDA:0,(anonymous_48)
FNDA:0,(anonymous_49)
FNDA:0,(anonymous_50)
FNDA:0,(anonymous_51)
FNDA:0,(anonymous_52)
FNDA:0,(anonymous_53)
FNDA:0,(anonymous_54)
FNDA:0,(anonymous_55)
FNDA:0,(anonymous_56)
DA:1,0
DA:37,0
DA:38,0
DA:39,0
DA:42,0
DA:46,0
DA:47,0
DA:50,0
DA:57,0
DA:66,0
DA:67,0
DA:71,0
DA:72,0
DA:73,0
DA:74,0
DA:76,0
DA:77,0
DA:78,0
DA:79,0
DA:80,0
DA:81,0
DA:82,0
DA:85,0
DA:86,0
DA:87,0
DA:88,0
DA:90,0
DA:91,0
DA:94,0
DA:97,0
DA:98,0
DA:100,0
DA:102,0
DA:103,0
DA:105,0
DA:108,0
DA:111,0
DA:115,0
DA:116,0
DA:118,0
DA:119,0
DA:120,0
DA:122,0
DA:125,0
DA:126,0
DA:128,0
DA:129,0
DA:130,0
DA:132,0
DA:135,0
DA:136,0
DA:138,0
DA:139,0
DA:140,0
DA:142,0
DA:145,0
DA:146,0
DA:148,0
DA:149,0
DA:151,0
DA:154,0
DA:155,0
DA:157,0
DA:158,0
DA:159,0
DA:161,0
DA:164,0
DA:165,0
DA:167,0
DA:168,0
DA:169,0
DA:171,0
DA:174,0
DA:175,0
DA:178,0
DA:179,0
DA:180,0
DA:183,0
DA:184,0
DA:185,0
DA:188,0
DA:189,0
DA:190,0
DA:193,0
DA:194,0
DA:197,0
DA:198,0
DA:200,0
DA:201,0
DA:202,0
DA:205,0
DA:211,0
DA:212,0
DA:215,0
DA:216,0
DA:218,0
DA:219,0
DA:220,0
DA:221,0
DA:222,0
DA:223,0
DA:225,0
DA:229,0
DA:231,0
DA:238,0
DA:244,0
DA:250,0
DA:257,0
DA:260,0
DA:316,0
DA:342,0
DA:352,0
DA:389,0
DA:395,0
DA:413,0
DA:414,0
DA:415,0
DA:416,0
DA:417,0
DA:419,0
DA:441,0
DA:458,0
DA:468,0
DA:477,0
DA:486,0
DA:513,0
DA:514,0
DA:516,0
DA:544,0
DA:570,0
DA:599,0
DA:642,0
DA:643,0
LF:133
LH:0
BRDA:38,0,0,0
BRDA:38,0,1,0
BRDA:42,1,0,0
BRDA:42,1,1,0
BRDA:46,2,0,0
BRDA:46,2,1,0
BRDA:74,3,0,0
BRDA:88,4,0,0
BRDA:88,4,1,0
BRDA:90,5,0,0
BRDA:90,5,1,0
BRDA:90,6,0,0
BRDA:90,6,1,0
BRDA:94,7,0,0
BRDA:94,7,1,0
BRDA:102,8,0,0
BRDA:102,8,1,0
BRDA:179,9,0,0
BRDA:179,9,1,0
BRDA:189,10,0,0
BRDA:189,10,1,0
BRDA:194,11,0,0
BRDA:194,11,1,0
BRDA:200,12,0,0
BRDA:200,12,1,0
BRDA:207,13,0,0
BRDA:207,13,1,0
BRDA:215,14,0,0
BRDA:215,14,1,0
BRDA:216,15,0,0
BRDA:216,15,1,0
BRDA:218,16,0,0
BRDA:218,16,1,0
BRDA:223,17,0,0
BRDA:223,17,1,0
BRDA:225,18,0,0
BRDA:225,18,1,0
BRDA:240,19,0,0
BRDA:240,19,1,0
BRDA:240,19,2,0
BRDA:242,20,0,0
BRDA:242,20,1,0
BRDA:242,20,2,0
BRDA:246,21,0,0
BRDA:246,21,1,0
BRDA:247,22,0,0
BRDA:247,22,1,0
BRDA:248,23,0,0
BRDA:248,23,1,0
BRDA:248,23,2,0
BRDA:275,24,0,0
BRDA:275,24,1,0
BRDA:292,25,0,0
BRDA:292,25,1,0
BRDA:313,26,0,0
BRDA:313,26,1,0
BRDA:317,27,0,0
BRDA:317,27,1,0
BRDA:320,28,0,0
BRDA:320,28,1,0
BRDA:325,29,0,0
BRDA:325,29,1,0
BRDA:330,30,0,0
BRDA:330,30,1,0
BRDA:382,31,0,0
BRDA:382,31,1,0
BRDA:396,32,0,0
BRDA:396,32,1,0
BRDA:424,33,0,0
BRDA:424,33,1,0
BRDA:437,34,0,0
BRDA:437,34,1,0
BRDA:437,35,0,0
BRDA:437,35,1,0
BRDA:450,36,0,0
BRDA:450,36,1,0
BRDA:512,37,0,0
BRDA:512,37,1,0
BRDA:514,38,0,0
BRDA:514,38,1,0
BRDA:514,39,0,0
BRDA:514,39,1,0
BRDA:529,40,0,0
BRDA:529,40,1,0
BRDA:534,41,0,0
BRDA:534,41,1,0
BRDA:535,42,0,0
BRDA:535,42,1,0
BRDA:535,43,0,0
BRDA:535,43,1,0
BRDA:537,44,0,0
BRDA:537,44,1,0
BRDA:537,45,0,0
BRDA:537,45,1,0
BRDA:568,46,0,0
BRDA:568,46,1,0
BRDA:606,47,0,0
BRDA:606,47,1,0
BRDA:608,48,0,0
BRDA:608,48,1,0
BRDA:610,49,0,0
BRDA:610,49,1,0
BRDA:642,50,0,0
BRDA:642,50,1,0
BRDA:648,51,0,0
BRDA:648,51,1,0
BRF:106
BRH:0
end_of_record
TN:
SF:src/features/circles/flows/view/detail/use-circle-detail.ts
FN:5,useCircleDetail
FN:8,(anonymous_1)
FNF:2
FNH:0
FNDA:0,useCircleDetail
FNDA:0,(anonymous_1)
DA:6,0
DA:8,0
LF:2
LH:0
BRF:0
BRH:0
end_of_record
TN:
SF:src/features/circles/flows/view/list/circle-list-view.tsx
FN:26,gradientFor
FN:27,(anonymous_1)
FN:31,initials
FN:36,(anonymous_3)
FN:39,fakeMemberNames
FN:44,CircleListView
FN:50,(anonymous_6)
FN:51,(anonymous_7)
FN:55,(anonymous_8)
FN:64,(anonymous_9)
FN:115,(anonymous_10)
FN:120,(anonymous_11)
FN:150,(anonymous_12)
FN:151,(anonymous_13)
FN:152,(anonymous_14)
FN:156,(anonymous_15)
FN:187,(anonymous_16)
FNF:17
FNH:0
FNDA:0,gradientFor
FNDA:0,(anonymous_1)
FNDA:0,initials
FNDA:0,(anonymous_3)
FNDA:0,fakeMemberNames
FNDA:0,CircleListView
FNDA:0,(anonymous_6)
FNDA:0,(anonymous_7)
FNDA:0,(anonymous_8)
FNDA:0,(anonymous_9)
FNDA:0,(anonymous_10)
FNDA:0,(anonymous_11)
FNDA:0,(anonymous_12)
FNDA:0,(anonymous_13)
FNDA:0,(anonymous_14)
FNDA:0,(anonymous_15)
FNDA:0,(anonymous_16)
DA:1,0
DA:18,0
DA:27,0
DA:28,0
DA:32,0
DA:33,0
DA:34,0
DA:36,0
DA:40,0
DA:41,0
DA:45,0
DA:46,0
DA:47,0
DA:48,0
DA:50,0
DA:51,0
DA:52,0
DA:55,0
DA:58,0
DA:60,0
DA:61,0
DA:65,0
DA:76,0
DA:78,0
DA:115,0
DA:120,0
DA:151,0
DA:152,0
DA:153,0
DA:154,0
DA:155,0
DA:156,0
DA:159,0
DA:188,0
LF:34
LH:0
BRDA:33,0,0,0
BRDA:33,0,1,0
BRDA:36,1,0,0
BRDA:36,1,1,0
BRDA:40,2,0,0
BRDA:40,2,1,0
BRDA:48,3,0,0
BRDA:48,3,1,0
BRDA:58,4,0,0
BRDA:58,4,1,0
BRDA:58,4,2,0
BRDA:58,4,3,0
BRDA:60,5,0,0
BRDA:60,5,1,0
BRDA:76,6,0,0
BRDA:76,6,1,0
BRDA:115,7,0,0
BRDA:115,7,1,0
BRDA:120,8,0,0
BRDA:120,8,1,0
BRDA:141,9,0,0
BRDA:141,9,1,0
BRDA:151,10,0,0
BRDA:151,10,1,0
BRDA:152,11,0,0
BRDA:152,11,1,0
BRDA:153,12,0,0
BRDA:153,12,1,0
BRDA:155,13,0,0
BRDA:155,13,1,0
BRDA:156,14,0,0
BRDA:156,14,1,0
BRDA:182,15,0,0
BRDA:182,15,1,0
BRDA:192,16,0,0
BRDA:192,16,1,0
BRDA:200,17,0,0
BRDA:200,17,1,0
BRF:38
BRH:0
end_of_record
TN:
SF:src/features/circles/flows/view/list/use-circle-list.ts
FN:5,useCircleList
FNF:1
FNH:0
FNDA:0,useCircleList
DA:6,0
LF:1
LH:0
BRF:0
BRH:0
end_of_record
TN:
SF:src/features/circles/shared/data/circles.query-keys.ts
FN:3,(anonymous_0)
FN:4,(anonymous_1)
FNF:2
FNH:0
FNDA:0,(anonymous_0)
FNDA:0,(anonymous_1)
DA:1,0
DA:3,0
DA:4,0
LF:3
LH:0
BRF:0
BRH:0
end_of_record
TN:
SF:src/features/circles/shared/data/circles.service.ts
FN:13,normalizeMember
FN:26,normalizeCircle
FN:38,extractCircles
FN:51,(anonymous_3)
FN:54,(anonymous_4)
FN:55,(anonymous_5)
FN:56,(anonymous_6)
FN:57,(anonymous_7)
FN:58,(anonymous_8)
FN:59,(anonymous_9)
FN:60,(anonymous_10)
FN:61,(anonymous_11)
FN:61,(anonymous_12)
FN:62,(anonymous_13)
FN:63,(anonymous_14)
FN:64,(anonymous_15)
FN:64,(anonymous_16)
FN:65,(anonymous_17)
FN:65,(anonymous_18)
FN:66,(anonymous_19)
FN:67,(anonymous_20)
FN:68,(anonymous_21)
FN:68,(anonymous_22)
FNF:23
FNH:0
FNDA:0,normalizeMember
FNDA:0,normalizeCircle
FNDA:0,extractCircles
FNDA:0,(anonymous_3)
FNDA:0,(anonymous_4)
FNDA:0,(anonymous_5)
FNDA:0,(anonymous_6)
FNDA:0,(anonymous_7)
FNDA:0,(anonymous_8)
FNDA:0,(anonymous_9)
FNDA:0,(anonymous_10)
FNDA:0,(anonymous_11)
FNDA:0,(anonymous_12)
FNDA:0,(anonymous_13)
FNDA:0,(anonymous_14)
FNDA:0,(anonymous_15)
FNDA:0,(anonymous_16)
FNDA:0,(anonymous_17)
FNDA:0,(anonymous_18)
FNDA:0,(anonymous_19)
FNDA:0,(anonymous_20)
FNDA:0,(anonymous_21)
FNDA:0,(anonymous_22)
DA:14,0
DA:27,0
DA:39,0
DA:40,0
DA:43,0
DA:44,0
DA:47,0
DA:50,0
DA:52,0
DA:54,0
DA:56,0
DA:58,0
DA:60,0
DA:61,0
DA:63,0
DA:64,0
DA:65,0
DA:67,0
DA:68,0
LF:19
LH:0
BRDA:16,0,0,0
BRDA:16,0,1,0
BRDA:30,1,0,0
BRDA:30,1,1,0
BRDA:34,2,0,0
BRDA:34,2,1,0
BRDA:39,3,0,0
BRDA:39,3,1,0
BRDA:43,4,0,0
BRDA:43,4,1,0
BRDA:43,5,0,0
BRDA:43,5,1,0
BRF:12
BRH:0
end_of_record
TN:
SF:src/features/circles/shared/domain/circles.schema.ts
FNF:0
FNH:0
DA:3,0
LF:1
LH:0
BRF:0
BRH:0
end_of_record
TN:
SF:src/features/circles/shared/domain/circles.types.ts
FNF:0
FNH:0
LF:0
LH:0
BRF:0
BRH:0
end_of_record
TN:
SF:src/features/dashboard/flows/view/dashboard-overview.tsx
FN:50,(anonymous_0)
FN:52,extractElapsedSeconds
FN:85,extractDurationSeconds
FN:113,formatShortDate
FN:120,formatLongDate
FN:128,relativeFromNow
FN:147,stripHtml
FN:154,initials
FN:162,(anonymous_8)
FN:166,guessTrackName
FN:177,(anonymous_10)
FN:207,DashboardOverview
FN:218,(anonymous_12)
FN:231,(anonymous_13)
FN:257,(anonymous_14)
FN:261,(anonymous_15)
FN:269,(anonymous_16)
FN:273,(anonymous_17)
FN:281,(anonymous_18)
FN:291,(anonymous_19)
FN:296,(anonymous_20)
FN:301,(anonymous_21)
FN:306,(anonymous_22)
FN:313,(anonymous_23)
FN:362,(anonymous_24)
FN:403,(anonymous_25)
FN:410,(anonymous_26)
FN:516,(anonymous_27)
FN:592,(anonymous_28)
FN:600,(anonymous_29)
FN:633,(anonymous_30)
FN:642,(anonymous_31)
FN:687,(anonymous_32)
FN:729,(anonymous_33)
FN:730,(anonymous_34)
FN:735,(anonymous_35)
FN:753,(anonymous_36)
FN:811,(anonymous_37)
FN:812,(anonymous_38)
FN:813,(anonymous_39)
FN:819,(anonymous_40)
FN:825,(anonymous_41)
FN:832,(anonymous_42)
FN:889,(anonymous_43)
FN:889,(anonymous_44)
FN:943,(anonymous_45)
FN:1007,(anonymous_46)
FN:1015,(anonymous_47)
FN:1023,(anonymous_48)
FN:1048,(anonymous_49)
FN:1066,(anonymous_50)
FNF:51
FNH:47
FNDA:0,(anonymous_0)
FNDA:2,extractElapsedSeconds
FNDA:1,extractDurationSeconds
FNDA:2,formatShortDate
FNDA:1,formatLongDate
FNDA:1,relativeFromNow
FNDA:2,stripHtml
FNDA:2,initials
FNDA:4,(anonymous_8)
FNDA:10,guessTrackName
FNDA:20,(anonymous_10)
FNDA:26,DashboardOverview
FNDA:0,(anonymous_12)
FNDA:0,(anonymous_13)
FNDA:18,(anonymous_14)
FNDA:0,(anonymous_15)
FNDA:18,(anonymous_16)
FNDA:1,(anonymous_17)
FNDA:18,(anonymous_18)
FNDA:4,(anonymous_19)
FNDA:3,(anonymous_20)
FNDA:2,(anonymous_21)
FNDA:1,(anonymous_22)
FNDA:9,(anonymous_23)
FNDA:19,(anonymous_24)
FNDA:2,(anonymous_25)
FNDA:2,(anonymous_26)
FNDA:104,(anonymous_27)
FNDA:1,(anonymous_28)
FNDA:1,(anonymous_29)
FNDA:3,(anonymous_30)
FNDA:2,(anonymous_31)
FNDA:1,(anonymous_32)
FNDA:1,(anonymous_33)
FNDA:2,(anonymous_34)
FNDA:2,(anonymous_35)
FNDA:2,(anonymous_36)
FNDA:1,(anonymous_37)
FNDA:1,(anonymous_38)
FNDA:1,(anonymous_39)
FNDA:1,(anonymous_40)
FNDA:1,(anonymous_41)
FNDA:1,(anonymous_42)
FNDA:1,(anonymous_43)
FNDA:1,(anonymous_44)
FNDA:28,(anonymous_45)
FNDA:1,(anonymous_46)
FNDA:36,(anonymous_47)
FNDA:1,(anonymous_48)
FNDA:2,(anonymous_49)
FNDA:1,(anonymous_50)
DA:1,2
DA:50,2
DA:53,2
DA:54,0
DA:57,2
DA:58,2
DA:65,2
DA:66,0
DA:69,2
DA:70,0
DA:73,2
DA:74,1
DA:77,1
DA:78,1
DA:82,0
DA:86,1
DA:87,0
DA:90,1
DA:91,1
DA:97,1
DA:98,1
DA:101,0
DA:102,0
DA:105,0
DA:106,0
DA:110,0
DA:114,2
DA:121,1
DA:129,1
DA:130,1
DA:131,1
DA:132,1
DA:134,1
DA:135,0
DA:138,1
DA:139,1
DA:140,0
DA:143,1
DA:144,1
DA:148,2
DA:155,2
DA:156,2
DA:157,0
DA:160,2
DA:162,4
DA:167,10
DA:168,10
DA:173,10
DA:174,0
DA:177,20
DA:185,2
DA:208,26
DA:212,26
DA:216,26
DA:218,0
DA:220,26
DA:224,26
DA:229,26
DA:230,26
DA:231,26
DA:232,0
DA:234,0
DA:235,0
DA:238,0
DA:239,0
DA:242,0
DA:243,0
DA:246,0
DA:251,26
DA:252,26
DA:253,26
DA:254,26
DA:255,26
DA:257,26
DA:259,18
DA:263,0
DA:269,26
DA:271,18
DA:275,1
DA:281,26
DA:282,26
DA:283,26
DA:284,26
DA:285,26
DA:286,26
DA:287,26
DA:288,26
DA:289,26
DA:291,26
DA:292,4
DA:293,1
DA:296,3
DA:297,3
DA:298,3
DA:301,26
DA:302,2
DA:303,1
DA:306,1
DA:307,1
DA:309,1
DA:310,1
DA:313,26
DA:319,9
DA:321,9
DA:322,1
DA:330,9
DA:331,1
DA:340,9
DA:341,5
DA:349,9
DA:350,4
DA:359,9
DA:362,26
DA:363,19
DA:364,10
DA:365,10
DA:366,10
DA:367,10
DA:368,10
DA:371,9
DA:372,1
DA:376,26
DA:403,26
DA:404,2
DA:405,1
DA:406,1
DA:410,2
DA:412,2
DA:413,2
DA:414,2
DA:417,26
DA:517,104
DA:592,1
DA:600,1
DA:634,3
DA:643,2
DA:688,1
DA:730,1
DA:731,2
DA:733,1
DA:734,1
DA:736,2
DA:740,1
DA:754,2
DA:811,1
DA:812,1
DA:814,1
DA:815,1
DA:816,1
DA:820,1
DA:821,1
DA:822,1
DA:826,1
DA:827,1
DA:828,1
DA:833,1
DA:889,1
DA:944,28
DA:1007,1
DA:1016,36
DA:1018,36
DA:1023,1
DA:1048,2
DA:1066,1
LF:164
LH:140
BRDA:53,0,0,0
BRDA:53,0,1,2
BRDA:53,1,0,2
BRDA:53,1,1,0
BRDA:57,2,0,2
BRDA:57,2,1,0
BRDA:57,3,0,2
BRDA:57,3,1,2
BRDA:65,4,0,0
BRDA:65,4,1,2
BRDA:65,5,0,2
BRDA:65,5,1,0
BRDA:69,6,0,0
BRDA:69,6,1,2
BRDA:69,7,0,2
BRDA:69,7,1,0
BRDA:73,8,0,1
BRDA:73,8,1,1
BRDA:73,9,0,2
BRDA:73,9,1,1
BRDA:77,10,0,1
BRDA:77,10,1,0
BRDA:77,11,0,1
BRDA:77,11,1,1
BRDA:86,12,0,0
BRDA:86,12,1,1
BRDA:86,13,0,1
BRDA:86,13,1,0
BRDA:90,14,0,1
BRDA:90,14,1,0
BRDA:90,15,0,1
BRDA:90,15,1,1
BRDA:97,16,0,1
BRDA:97,16,1,0
BRDA:97,17,0,1
BRDA:97,17,1,1
BRDA:101,18,0,0
BRDA:101,18,1,0
BRDA:101,19,0,0
BRDA:101,19,1,0
BRDA:105,20,0,0
BRDA:105,20,1,0
BRDA:105,21,0,0
BRDA:105,21,1,0
BRDA:134,22,0,0
BRDA:134,22,1,1
BRDA:135,23,0,0
BRDA:135,23,1,0
BRDA:139,24,0,0
BRDA:139,24,1,1
BRDA:140,25,0,0
BRDA:140,25,1,0
BRDA:144,26,0,1
BRDA:144,26,1,0
BRDA:156,27,0,0
BRDA:156,27,1,2
BRDA:162,28,0,4
BRDA:162,28,1,0
BRDA:167,29,0,10
BRDA:167,29,1,0
BRDA:173,30,0,0
BRDA:173,30,1,10
BRDA:212,31,0,26
BRDA:216,32,0,26
BRDA:220,33,0,26
BRDA:224,34,0,26
BRDA:232,35,0,0
BRDA:232,35,1,0
BRDA:234,36,0,0
BRDA:234,36,1,0
BRDA:238,37,0,0
BRDA:238,37,1,0
BRDA:242,38,0,0
BRDA:242,38,1,0
BRDA:283,39,0,26
BRDA:283,39,1,14
BRDA:284,40,0,26
BRDA:284,40,1,16
BRDA:288,41,0,1
BRDA:288,41,1,25
BRDA:292,42,0,1
BRDA:292,42,1,3
BRDA:302,43,0,1
BRDA:302,43,1,1
BRDA:307,44,0,1
BRDA:307,44,1,0
BRDA:321,45,0,1
BRDA:321,45,1,8
BRDA:330,46,0,1
BRDA:330,46,1,8
BRDA:340,47,0,5
BRDA:340,47,1,4
BRDA:349,48,0,4
BRDA:349,48,1,5
BRDA:363,49,0,10
BRDA:363,49,1,9
BRDA:371,50,0,1
BRDA:371,50,1,8
BRDA:404,51,0,1
BRDA:404,51,1,1
BRDA:410,52,0,1
BRDA:410,52,1,0
BRDA:433,53,0,1
BRDA:433,53,1,25
BRDA:487,54,0,1
BRDA:487,54,1,25
BRDA:495,55,0,1
BRDA:495,55,1,25
BRDA:503,56,0,12
BRDA:503,56,1,14
BRDA:567,57,0,1
BRDA:567,57,1,25
BRDA:577,58,0,1
BRDA:577,58,1,25
BRDA:582,59,0,1
BRDA:582,59,1,25
BRDA:632,60,0,1
BRDA:632,60,1,25
BRDA:641,61,0,1
BRDA:641,61,1,24
BRDA:650,62,0,2
BRDA:650,62,1,0
BRDA:686,63,0,1
BRDA:686,63,1,25
BRDA:728,64,0,1
BRDA:728,64,1,25
BRDA:730,65,0,1
BRDA:730,65,1,0
BRDA:733,66,0,1
BRDA:733,66,1,0
BRDA:734,67,0,1
BRDA:734,67,1,0
BRDA:736,68,0,2
BRDA:736,68,1,0
BRDA:758,69,0,0
BRDA:758,69,1,1
BRDA:794,70,0,12
BRDA:794,70,1,14
BRDA:796,71,0,10
BRDA:796,71,1,2
BRDA:815,72,0,1
BRDA:815,72,1,0
BRDA:821,73,0,1
BRDA:821,73,1,0
BRDA:827,74,0,1
BRDA:827,74,1,0
BRDA:827,75,0,1
BRDA:827,75,1,1
BRDA:841,76,0,10
BRDA:841,76,1,2
BRDA:892,77,0,1
BRDA:892,77,1,11
BRDA:897,78,0,1
BRDA:897,78,1,11
BRDA:971,79,0,9
BRDA:971,79,1,17
BRDA:1026,80,0,9
BRDA:1026,80,1,27
BRF:158
BRH:108
end_of_record
TN:
SF:src/features/music/flows/manage/create/create-playlist-form.tsx
FN:7,CreatePlaylistForm
FN:24,(anonymous_1)
FNF:2
FNH:0
FNDA:0,CreatePlaylistForm
FNDA:0,(anonymous_1)
DA:1,0
DA:14,0
DA:16,0
DA:25,0
DA:26,0
DA:27,0
DA:28,0
DA:30,0
LF:8
LH:0
BRDA:20,0,0,0
BRDA:20,0,1,0
BRF:2
BRH:0
end_of_record
TN:
SF:src/features/music/flows/manage/create/use-create-playlist.ts
FN:5,useCreatePlaylist
FN:9,(anonymous_1)
FNF:2
FNH:0
FNDA:0,useCreatePlaylist
FNDA:0,(anonymous_1)
DA:6,0
DA:7,0
DA:9,0
LF:3
LH:0
BRF:0
BRH:0
end_of_record
TN:
SF:src/features/music/flows/manage/modify/use-modify-playlist.ts
FN:5,useUpdatePlaylist
FN:8,(anonymous_1)
FN:10,(anonymous_2)
FNF:3
FNH:0
FNDA:0,useUpdatePlaylist
FNDA:0,(anonymous_1)
FNDA:0,(anonymous_2)
DA:6,0
DA:7,0
DA:9,0
DA:11,0
DA:12,0
LF:5
LH:0
BRF:0
BRH:0
end_of_record
TN:
SF:src/features/music/flows/manage/remove/use-remove-playlist.ts
FN:5,useRemovePlaylist
FN:9,(anonymous_1)
FN:10,(anonymous_2)
FNF:3
FNH:0
FNDA:0,useRemovePlaylist
FNDA:0,(anonymous_1)
FNDA:0,(anonymous_2)
DA:6,0
DA:8,0
DA:9,0
DA:11,0
DA:12,0
LF:5
LH:0
BRF:0
BRH:0
end_of_record
TN:
SF:src/features/music/flows/view/detail/playlist-detail-view.tsx
FN:37,TrackMetaLine
FN:50,PlaylistDetailView
FN:62,(anonymous_2)
FN:146,(anonymous_3)
FN:156,(anonymous_4)
FN:156,(anonymous_5)
FN:177,(anonymous_6)
FN:178,(anonymous_7)
FN:210,(anonymous_8)
FN:219,(anonymous_9)
FN:271,(anonymous_10)
FN:281,(anonymous_11)
FN:305,(anonymous_12)
FN:305,(anonymous_13)
FNF:14
FNH:0
FNDA:0,TrackMetaLine
FNDA:0,PlaylistDetailView
FNDA:0,(anonymous_2)
FNDA:0,(anonymous_3)
FNDA:0,(anonymous_4)
FNDA:0,(anonymous_5)
FNDA:0,(anonymous_6)
FNDA:0,(anonymous_7)
FNDA:0,(anonymous_8)
FNDA:0,(anonymous_9)
FNDA:0,(anonymous_10)
FNDA:0,(anonymous_11)
FNDA:0,(anonymous_12)
FNDA:0,(anonymous_13)
DA:1,0
DA:38,0
DA:39,0
DA:40,0
DA:42,0
DA:51,0
DA:52,0
DA:53,0
DA:54,0
DA:55,0
DA:56,0
DA:57,0
DA:59,0
DA:60,0
DA:63,0
DA:69,0
DA:70,0
DA:73,0
DA:146,0
DA:156,0
DA:177,0
DA:179,0
DA:180,0
DA:181,0
DA:182,0
DA:184,0
DA:211,0
DA:219,0
DA:271,0
DA:281,0
DA:305,0
LF:31
LH:0
BRDA:39,0,0,0
BRDA:39,0,1,0
BRDA:40,1,0,0
BRDA:40,1,1,0
BRDA:54,2,0,0
BRDA:54,2,1,0
BRDA:55,3,0,0
BRDA:55,3,1,0
BRDA:56,4,0,0
BRDA:56,4,1,0
BRDA:56,5,0,0
BRDA:56,5,1,0
BRDA:59,6,0,0
BRDA:59,6,1,0
BRDA:69,7,0,0
BRDA:69,7,1,0
BRDA:69,8,0,0
BRDA:69,8,1,0
BRDA:76,9,0,0
BRDA:76,9,1,0
BRDA:104,10,0,0
BRDA:104,10,1,0
BRDA:123,11,0,0
BRDA:123,11,1,0
BRDA:159,12,0,0
BRDA:159,12,1,0
BRDA:166,13,0,0
BRDA:166,13,1,0
BRDA:170,14,0,0
BRDA:170,14,1,0
BRDA:175,15,0,0
BRDA:175,15,1,0
BRDA:203,16,0,0
BRDA:203,16,1,0
BRDA:216,17,0,0
BRDA:216,17,1,0
BRDA:222,18,0,0
BRDA:222,18,1,0
BRDA:327,19,0,0
BRDA:327,19,1,0
BRDA:327,19,2,0
BRF:41
BRH:0
end_of_record
TN:
SF:src/features/music/flows/view/detail/use-playlist-detail.ts
FN:5,usePlaylistDetail
FN:8,(anonymous_1)
FNF:2
FNH:0
FNDA:0,usePlaylistDetail
FNDA:0,(anonymous_1)
DA:6,0
DA:8,0
LF:2
LH:0
BRF:0
BRH:0
end_of_record
TN:
SF:src/features/music/flows/view/list/playlist-list-view.tsx
FN:43,PlaylistListView
FN:59,(anonymous_1)
FN:64,(anonymous_2)
FN:80,(anonymous_3)
FN:81,(anonymous_4)
FN:85,(anonymous_5)
FN:88,(anonymous_6)
FN:108,(anonymous_7)
FN:116,(anonymous_8)
FN:123,(anonymous_9)
FN:128,(anonymous_10)
FN:132,(anonymous_11)
FN:137,(anonymous_12)
FN:142,(anonymous_13)
FN:148,(anonymous_14)
FN:149,(anonymous_15)
FN:149,(anonymous_16)
FN:152,(anonymous_17)
FN:166,(anonymous_18)
FN:172,(anonymous_19)
FN:176,(anonymous_20)
FN:179,(anonymous_21)
FN:180,(anonymous_22)
FN:198,(anonymous_23)
FN:214,(anonymous_24)
FN:221,(anonymous_25)
FN:227,(anonymous_26)
FN:237,(anonymous_27)
FN:238,(anonymous_28)
FN:240,(anonymous_29)
FN:247,(anonymous_30)
FN:259,(anonymous_31)
FN:264,(anonymous_32)
FN:284,(anonymous_33)
FN:351,(anonymous_34)
FN:403,(anonymous_35)
FN:420,(anonymous_36)
FN:454,(anonymous_37)
FN:467,(anonymous_38)
FN:468,(anonymous_39)
FN:495,(anonymous_40)
FN:504,(anonymous_41)
FN:522,(anonymous_42)
FN:522,(anonymous_43)
FN:537,(anonymous_44)
FN:548,(anonymous_45)
FN:587,(anonymous_46)
FN:600,(anonymous_47)
FN:617,(anonymous_48)
FN:636,(anonymous_49)
FN:655,(anonymous_50)
FN:674,(anonymous_51)
FN:701,(anonymous_52)
FN:734,(anonymous_53)
FN:734,(anonymous_54)
FN:762,(anonymous_55)
FN:775,(anonymous_56)
FNF:57
FNH:0
FNDA:0,PlaylistListView
FNDA:0,(anonymous_1)
FNDA:0,(anonymous_2)
FNDA:0,(anonymous_3)
FNDA:0,(anonymous_4)
FNDA:0,(anonymous_5)
FNDA:0,(anonymous_6)
FNDA:0,(anonymous_7)
FNDA:0,(anonymous_8)
FNDA:0,(anonymous_9)
FNDA:0,(anonymous_10)
FNDA:0,(anonymous_11)
FNDA:0,(anonymous_12)
FNDA:0,(anonymous_13)
FNDA:0,(anonymous_14)
FNDA:0,(anonymous_15)
FNDA:0,(anonymous_16)
FNDA:0,(anonymous_17)
FNDA:0,(anonymous_18)
FNDA:0,(anonymous_19)
FNDA:0,(anonymous_20)
FNDA:0,(anonymous_21)
FNDA:0,(anonymous_22)
FNDA:0,(anonymous_23)
FNDA:0,(anonymous_24)
FNDA:0,(anonymous_25)
FNDA:0,(anonymous_26)
FNDA:0,(anonymous_27)
FNDA:0,(anonymous_28)
FNDA:0,(anonymous_29)
FNDA:0,(anonymous_30)
FNDA:0,(anonymous_31)
FNDA:0,(anonymous_32)
FNDA:0,(anonymous_33)
FNDA:0,(anonymous_34)
FNDA:0,(anonymous_35)
FNDA:0,(anonymous_36)
FNDA:0,(anonymous_37)
FNDA:0,(anonymous_38)
FNDA:0,(anonymous_39)
FNDA:0,(anonymous_40)
FNDA:0,(anonymous_41)
FNDA:0,(anonymous_42)
FNDA:0,(anonymous_43)
FNDA:0,(anonymous_44)
FNDA:0,(anonymous_45)
FNDA:0,(anonymous_46)
FNDA:0,(anonymous_47)
FNDA:0,(anonymous_48)
FNDA:0,(anonymous_49)
FNDA:0,(anonymous_50)
FNDA:0,(anonymous_51)
FNDA:0,(anonymous_52)
FNDA:0,(anonymous_53)
FNDA:0,(anonymous_54)
FNDA:0,(anonymous_55)
FNDA:0,(anonymous_56)
DA:1,0
DA:44,0
DA:45,0
DA:46,0
DA:47,0
DA:48,0
DA:49,0
DA:50,0
DA:51,0
DA:52,0
DA:53,0
DA:54,0
DA:55,0
DA:56,0
DA:57,0
DA:58,0
DA:59,0
DA:60,0
DA:62,0
DA:64,0
DA:65,0
DA:66,0
DA:69,0
DA:71,0
DA:75,0
DA:76,0
DA:77,0
DA:78,0
DA:80,0
DA:81,0
DA:82,0
DA:85,0
DA:88,0
DA:89,0
DA:90,0
DA:93,0
DA:94,0
DA:95,0
DA:98,0
DA:99,0
DA:100,0
DA:101,0
DA:108,0
DA:109,0
DA:110,0
DA:113,0
DA:116,0
DA:117,0
DA:118,0
DA:119,0
DA:120,0
DA:123,0
DA:124,0
DA:125,0
DA:128,0
DA:129,0
DA:132,0
DA:133,0
DA:134,0
DA:137,0
DA:138,0
DA:142,0
DA:143,0
DA:144,0
DA:145,0
DA:148,0
DA:149,0
DA:152,0
DA:153,0
DA:154,0
DA:157,0
DA:158,0
DA:159,0
DA:162,0
DA:163,0
DA:166,0
DA:167,0
DA:168,0
DA:172,0
DA:173,0
DA:176,0
DA:177,0
DA:179,0
DA:180,0
DA:181,0
DA:182,0
DA:185,0
DA:186,0
DA:187,0
DA:190,0
DA:193,0
DA:194,0
DA:197,0
DA:199,0
DA:200,0
DA:201,0
DA:204,0
DA:205,0
DA:209,0
DA:210,0
DA:213,0
DA:214,0
DA:215,0
DA:216,0
DA:220,0
DA:221,0
DA:225,0
DA:227,0
DA:228,0
DA:232,0
DA:233,0
DA:237,0
DA:238,0
DA:239,0
DA:240,0
DA:243,0
DA:247,0
DA:248,0
DA:249,0
DA:250,0
DA:251,0
DA:253,0
DA:255,0
DA:259,0
DA:260,0
DA:261,0
DA:264,0
DA:265,0
DA:267,0
DA:268,0
DA:269,0
DA:271,0
DA:273,0
DA:275,0
DA:276,0
DA:280,0
DA:281,0
DA:285,0
DA:298,0
DA:299,0
DA:302,0
DA:351,0
DA:404,0
DA:405,0
DA:408,0
DA:409,0
DA:421,0
DA:422,0
DA:425,0
DA:426,0
DA:455,0
DA:457,0
DA:468,0
DA:495,0
DA:504,0
DA:522,0
DA:537,0
DA:549,0
DA:588,0
DA:589,0
DA:591,0
DA:601,0
DA:602,0
DA:603,0
DA:604,0
DA:606,0
DA:618,0
DA:619,0
DA:622,0
DA:637,0
DA:638,0
DA:656,0
DA:657,0
DA:658,0
DA:675,0
DA:702,0
DA:734,0
DA:763,0
DA:764,0
DA:776,0
DA:777,0
DA:780,0
DA:781,0
DA:782,0
LF:184
LH:0
BRDA:58,0,0,0
BRDA:58,0,1,0
BRDA:60,1,0,0
BRDA:60,1,1,0
BRDA:62,2,0,0
BRDA:62,2,1,0
BRDA:66,3,0,0
BRDA:66,3,1,0
BRDA:69,4,0,0
BRDA:69,4,1,0
BRDA:69,4,2,0
BRDA:71,5,0,0
BRDA:71,5,1,0
BRDA:71,5,2,0
BRDA:71,5,3,0
BRDA:75,6,0,0
BRDA:75,6,1,0
BRDA:76,7,0,0
BRDA:76,7,1,0
BRDA:78,8,0,0
BRDA:78,8,1,0
BRDA:89,9,0,0
BRDA:89,9,1,0
BRDA:94,10,0,0
BRDA:94,10,1,0
BRDA:100,11,0,0
BRDA:100,11,1,0
BRDA:109,12,0,0
BRDA:109,12,1,0
BRDA:117,13,0,0
BRDA:117,13,1,0
BRDA:124,14,0,0
BRDA:124,14,1,0
BRDA:129,15,0,0
BRDA:129,15,1,0
BRDA:133,16,0,0
BRDA:133,16,1,0
BRDA:138,17,0,0
BRDA:138,17,1,0
BRDA:143,18,0,0
BRDA:143,18,1,0
BRDA:143,19,0,0
BRDA:143,19,1,0
BRDA:153,20,0,0
BRDA:153,20,1,0
BRDA:157,21,0,0
BRDA:157,21,1,0
BRDA:167,22,0,0
BRDA:167,22,1,0
BRDA:167,23,0,0
BRDA:167,23,1,0
BRDA:181,24,0,0
BRDA:181,24,1,0
BRDA:186,25,0,0
BRDA:186,25,1,0
BRDA:193,26,0,0
BRDA:193,26,1,0
BRDA:200,27,0,0
BRDA:200,27,1,0
BRDA:205,28,0,0
BRDA:205,28,1,0
BRDA:209,29,0,0
BRDA:209,29,1,0
BRDA:215,30,0,0
BRDA:215,30,1,0
BRDA:220,31,0,0
BRDA:220,31,1,0
BRDA:232,32,0,0
BRDA:232,32,1,0
BRDA:232,32,2,0
BRDA:232,32,3,0
BRDA:233,33,0,0
BRDA:233,33,1,0
BRDA:234,34,0,0
BRDA:234,34,1,0
BRDA:239,35,0,0
BRDA:239,35,1,0
BRDA:260,36,0,0
BRDA:260,36,1,0
BRDA:280,37,0,0
BRDA:280,37,1,0
BRDA:298,38,0,0
BRDA:298,38,1,0
BRDA:359,39,0,0
BRDA:359,39,1,0
BRDA:362,40,0,0
BRDA:362,40,1,0
BRDA:380,41,0,0
BRDA:380,41,1,0
BRDA:404,42,0,0
BRDA:404,42,1,0
BRDA:404,43,0,0
BRDA:404,43,1,0
BRDA:421,44,0,0
BRDA:421,44,1,0
BRDA:465,45,0,0
BRDA:465,45,1,0
BRDA:468,46,0,0
BRDA:468,46,1,0
BRDA:475,47,0,0
BRDA:475,47,1,0
BRDA:493,48,0,0
BRDA:493,48,1,0
BRDA:502,49,0,0
BRDA:502,49,1,0
BRDA:507,50,0,0
BRDA:507,50,1,0
BRDA:516,51,0,0
BRDA:516,51,1,0
BRDA:524,52,0,0
BRDA:524,52,1,0
BRDA:531,53,0,0
BRDA:531,53,1,0
BRDA:542,54,0,0
BRDA:542,54,1,0
BRDA:551,55,0,0
BRDA:551,55,1,0
BRDA:553,56,0,0
BRDA:553,56,1,0
BRDA:564,57,0,0
BRDA:564,57,1,0
BRDA:570,58,0,0
BRDA:570,58,1,0
BRDA:572,59,0,0
BRDA:572,59,1,0
BRDA:577,60,0,0
BRDA:577,60,1,0
BRDA:579,61,0,0
BRDA:579,61,1,0
BRDA:583,62,0,0
BRDA:583,62,1,0
BRDA:588,63,0,0
BRDA:588,63,1,0
BRDA:602,64,0,0
BRDA:602,64,1,0
BRDA:611,65,0,0
BRDA:611,65,1,0
BRDA:618,66,0,0
BRDA:618,66,1,0
BRDA:626,67,0,0
BRDA:626,67,1,0
BRDA:640,68,0,0
BRDA:640,68,1,0
BRDA:642,69,0,0
BRDA:642,69,1,0
BRDA:669,70,0,0
BRDA:669,70,1,0
BRDA:679,71,0,0
BRDA:679,71,1,0
BRDA:684,72,0,0
BRDA:684,72,1,0
BRDA:706,73,0,0
BRDA:706,73,1,0
BRDA:728,74,0,0
BRDA:728,74,1,0
BRDA:736,75,0,0
BRDA:736,75,1,0
BRDA:742,76,0,0
BRDA:742,76,1,0
BRDA:744,77,0,0
BRDA:744,77,1,0
BRDA:745,78,0,0
BRDA:745,78,1,0
BRDA:745,78,2,0
BRDA:763,79,0,0
BRDA:763,79,1,0
BRDA:769,80,0,0
BRDA:769,80,1,0
BRDA:774,81,0,0
BRDA:774,81,1,0
BRDA:776,82,0,0
BRDA:776,82,1,0
BRF:172
BRH:0
end_of_record
TN:
SF:src/features/music/flows/view/list/use-playlist-list.ts
FN:5,usePlaylistList
FNF:1
FNH:0
FNDA:0,usePlaylistList
DA:6,0
LF:1
LH:0
BRF:0
BRH:0
end_of_record
TN:
SF:src/features/music/shared/data/music.query-keys.ts
FN:3,(anonymous_0)
FN:4,(anonymous_1)
FNF:2
FNH:0
FNDA:0,(anonymous_0)
FNDA:0,(anonymous_1)
DA:1,0
DA:3,0
DA:4,0
LF:3
LH:0
BRF:0
BRH:0
end_of_record
TN:
SF:src/features/music/shared/data/music.service.ts
FN:10,normalizePlaylist
FN:21,extractPlaylists
FN:35,expandYouTubePlaylistUrls
FN:78,(anonymous_3)
FN:81,(anonymous_4)
FN:82,(anonymous_5)
FN:83,(anonymous_6)
FN:84,(anonymous_7)
FN:93,(anonymous_8)
FN:95,(anonymous_9)
FN:106,(anonymous_10)
FN:108,(anonymous_11)
FN:108,(anonymous_12)
FNF:13
FNH:0
FNDA:0,normalizePlaylist
FNDA:0,extractPlaylists
FNDA:0,expandYouTubePlaylistUrls
FNDA:0,(anonymous_3)
FNDA:0,(anonymous_4)
FNDA:0,(anonymous_5)
FNDA:0,(anonymous_6)
FNDA:0,(anonymous_7)
FNDA:0,(anonymous_8)
FNDA:0,(anonymous_9)
FNDA:0,(anonymous_10)
FNDA:0,(anonymous_11)
FNDA:0,(anonymous_12)
DA:11,0
DA:24,0
DA:25,0
DA:28,0
DA:29,0
DA:32,0
DA:36,0
DA:38,0
DA:39,0
DA:40,0
DA:41,0
DA:44,0
DA:45,0
DA:46,0
DA:48,0
DA:51,0
DA:52,0
DA:53,0
DA:55,0
DA:56,0
DA:57,0
DA:61,0
DA:62,0
DA:63,0
DA:64,0
DA:71,0
DA:74,0
DA:77,0
DA:79,0
DA:81,0
DA:83,0
DA:85,0
DA:87,0
DA:93,0
DA:96,0
DA:100,0
DA:106,0
DA:108,0
LF:38
LH:0
BRDA:14,0,0,0
BRDA:14,0,1,0
BRDA:15,1,0,0
BRDA:15,1,1,0
BRDA:15,1,2,0
BRDA:24,2,0,0
BRDA:24,2,1,0
BRDA:28,3,0,0
BRDA:28,3,1,0
BRDA:28,4,0,0
BRDA:28,4,1,0
BRDA:40,5,0,0
BRDA:40,5,1,0
BRDA:53,6,0,0
BRDA:53,6,1,0
BRDA:55,7,0,0
BRDA:55,7,1,0
BRDA:55,8,0,0
BRDA:55,8,1,0
BRDA:61,9,0,0
BRDA:61,9,1,0
BRDA:62,10,0,0
BRDA:62,10,1,0
BRDA:85,11,0,0
BRDA:85,11,1,0
BRDA:96,12,0,0
BRDA:96,12,1,0
BRDA:102,13,0,0
BRDA:102,13,1,0
BRDA:103,14,0,0
BRDA:103,14,1,0
BRDA:104,15,0,0
BRDA:104,15,1,0
BRF:33
BRH:0
end_of_record
TN:
SF:src/features/music/shared/domain/music.schema.ts
FN:3,(anonymous_0)
FNF:1
FNH:0
FNDA:0,(anonymous_0)
DA:3,0
DA:5,0
DA:6,0
DA:9,0
DA:10,0
DA:13,0
DA:18,0
LF:7
LH:0
BRDA:5,0,0,0
BRDA:5,0,1,0
BRDA:9,1,0,0
BRDA:9,1,1,0
BRF:4
BRH:0
end_of_record
TN:
SF:src/features/music/shared/domain/music.types.ts
FNF:0
FNH:0
LF:0
LH:0
BRF:0
BRH:0
end_of_record
TN:
SF:src/features/music/shared/domain/music.utils.ts
FN:57,hashValue
FN:58,(anonymous_1)
FN:61,parseUrl
FN:69,isOpaqueId
FN:73,humanize
FN:78,(anonymous_5)
FN:81,extractYouTubeId
FN:89,prettifySegment
FN:97,formatTime
FN:103,getPlaylistGradient
FN:107,getCoverGradient
FN:111,getPlaylistMood
FN:129,getPlaylistArtwork
FN:140,detectSource
FN:152,getTrackTitle
FN:196,getTrackSubtitle
FN:223,getTrackDuration
FN:227,isPlaylistMood
FN:231,extractPlaylistMood
FN:245,stripMoodMetadata
FN:254,withMoodMetadata
FN:263,getPlaylistMoodCategory
FN:281,trackUrlsToItems
FN:283,(anonymous_23)
FN:285,(anonymous_24)
FN:303,getPlaylistDuration
FN:304,(anonymous_26)
FN:307,sanitizePlaylistPayload
FN:316,(anonymous_28)
FNF:29
FNH:0
FNDA:0,hashValue
FNDA:0,(anonymous_1)
FNDA:0,parseUrl
FNDA:0,isOpaqueId
FNDA:0,humanize
FNDA:0,(anonymous_5)
FNDA:0,extractYouTubeId
FNDA:0,prettifySegment
FNDA:0,formatTime
FNDA:0,getPlaylistGradient
FNDA:0,getCoverGradient
FNDA:0,getPlaylistMood
FNDA:0,getPlaylistArtwork
FNDA:0,detectSource
FNDA:0,getTrackTitle
FNDA:0,getTrackSubtitle
FNDA:0,getTrackDuration
FNDA:0,isPlaylistMood
FNDA:0,extractPlaylistMood
FNDA:0,stripMoodMetadata
FNDA:0,withMoodMetadata
FNDA:0,getPlaylistMoodCategory
FNDA:0,trackUrlsToItems
FNDA:0,(anonymous_23)
FNDA:0,(anonymous_24)
FNDA:0,getPlaylistDuration
FNDA:0,(anonymous_26)
FNDA:0,sanitizePlaylistPayload
FNDA:0,(anonymous_28)
DA:9,0
DA:39,0
DA:48,0
DA:58,0
DA:62,0
DA:63,0
DA:65,0
DA:70,0
DA:74,0
DA:78,0
DA:82,0
DA:86,0
DA:90,0
DA:98,0
DA:99,0
DA:100,0
DA:104,0
DA:108,0
DA:112,0
DA:114,0
DA:115,0
DA:118,0
DA:119,0
DA:122,0
DA:123,0
DA:126,0
DA:130,0
DA:131,0
DA:133,0
DA:134,0
DA:137,0
DA:141,0
DA:142,0
DA:145,0
DA:146,0
DA:149,0
DA:153,0
DA:155,0
DA:156,0
DA:157,0
DA:158,0
DA:160,0
DA:161,0
DA:162,0
DA:163,0
DA:164,0
DA:165,0
DA:168,0
DA:169,0
DA:170,0
DA:171,0
DA:174,0
DA:175,0
DA:178,0
DA:179,0
DA:180,0
DA:181,0
DA:185,0
DA:188,0
DA:189,0
DA:190,0
DA:193,0
DA:197,0
DA:199,0
DA:200,0
DA:201,0
DA:203,0
DA:204,0
DA:207,0
DA:208,0
DA:212,0
DA:213,0
DA:216,0
DA:217,0
DA:220,0
DA:224,0
DA:228,0
DA:232,0
DA:233,0
DA:236,0
DA:237,0
DA:238,0
DA:241,0
DA:242,0
DA:246,0
DA:247,0
DA:250,0
DA:251,0
DA:255,0
DA:256,0
DA:257,0
DA:260,0
DA:264,0
DA:265,0
DA:266,0
DA:269,0
DA:270,0
DA:271,0
DA:274,0
DA:275,0
DA:278,0
DA:282,0
DA:283,0
DA:286,0
DA:287,0
DA:289,0
DA:304,0
DA:313,0
DA:316,0
LF:109
LH:0
BRDA:86,0,0,0
BRDA:86,0,1,0
BRDA:114,1,0,0
BRDA:114,1,1,0
BRDA:118,2,0,0
BRDA:118,2,1,0
BRDA:122,3,0,0
BRDA:122,3,1,0
BRDA:131,4,0,0
BRDA:131,4,1,0
BRDA:133,5,0,0
BRDA:133,5,1,0
BRDA:141,6,0,0
BRDA:141,6,1,0
BRDA:145,7,0,0
BRDA:145,7,1,0
BRDA:155,8,0,0
BRDA:155,8,1,0
BRDA:158,9,0,0
BRDA:158,9,1,0
BRDA:160,10,0,0
BRDA:160,10,1,0
BRDA:161,11,0,0
BRDA:161,11,1,0
BRDA:162,12,0,0
BRDA:162,12,1,0
BRDA:163,13,0,0
BRDA:163,13,1,0
BRDA:164,14,0,0
BRDA:164,14,1,0
BRDA:168,15,0,0
BRDA:168,15,1,0
BRDA:168,16,0,0
BRDA:168,16,1,0
BRDA:169,17,0,0
BRDA:169,17,1,0
BRDA:170,18,0,0
BRDA:170,18,1,0
BRDA:174,19,0,0
BRDA:174,19,1,0
BRDA:178,20,0,0
BRDA:178,20,1,0
BRDA:178,21,0,0
BRDA:178,21,1,0
BRDA:180,22,0,0
BRDA:180,22,1,0
BRDA:189,23,0,0
BRDA:189,23,1,0
BRDA:189,24,0,0
BRDA:189,24,1,0
BRDA:199,25,0,0
BRDA:199,25,1,0
BRDA:203,26,0,0
BRDA:203,26,1,0
BRDA:203,27,0,0
BRDA:203,27,1,0
BRDA:207,28,0,0
BRDA:207,28,1,0
BRDA:207,29,0,0
BRDA:207,29,1,0
BRDA:207,29,2,0
BRDA:212,30,0,0
BRDA:212,30,1,0
BRDA:216,31,0,0
BRDA:216,31,1,0
BRDA:220,32,0,0
BRDA:220,32,1,0
BRDA:228,33,0,0
BRDA:228,33,1,0
BRDA:228,33,2,0
BRDA:232,34,0,0
BRDA:232,34,1,0
BRDA:237,35,0,0
BRDA:237,35,1,0
BRDA:242,36,0,0
BRDA:242,36,1,0
BRDA:246,37,0,0
BRDA:246,37,1,0
BRDA:251,38,0,0
BRDA:251,38,1,0
BRDA:256,39,0,0
BRDA:256,39,1,0
BRDA:260,40,0,0
BRDA:260,40,1,0
BRDA:265,41,0,0
BRDA:265,41,1,0
BRDA:269,42,0,0
BRDA:269,42,1,0
BRDA:270,43,0,0
BRDA:270,43,1,0
BRDA:274,44,0,0
BRDA:274,44,1,0
BRDA:295,45,0,0
BRDA:295,45,1,0
BRDA:295,46,0,0
BRDA:295,46,1,0
BRDA:297,47,0,0
BRDA:297,47,1,0
BRDA:315,48,0,0
BRDA:315,48,1,0
BRF:100
BRH:0
end_of_record
TN:
SF:src/features/music/shared/ui/focusflow-mini-player.tsx
FN:23,(anonymous_0)
FN:25,extractElapsedSeconds
FN:90,extractDurationSeconds
FN:139,FocusFlowMiniPlayer
FN:172,(anonymous_4)
FN:190,(anonymous_5)
FN:213,(anonymous_6)
FN:214,(anonymous_7)
FN:215,(anonymous_8)
FN:221,(anonymous_9)
FN:227,(anonymous_10)
FN:233,(anonymous_11)
FN:234,(anonymous_12)
FN:258,(anonymous_13)
FN:350,(anonymous_14)
FN:382,(anonymous_15)
FN:383,(anonymous_16)
FN:459,(anonymous_17)
FN:473,(anonymous_18)
FN:473,(anonymous_19)
FN:484,(anonymous_20)
FN:529,(anonymous_21)
FNF:22
FNH:0
FNDA:0,(anonymous_0)
FNDA:0,extractElapsedSeconds
FNDA:0,extractDurationSeconds
FNDA:0,FocusFlowMiniPlayer
FNDA:0,(anonymous_4)
FNDA:0,(anonymous_5)
FNDA:0,(anonymous_6)
FNDA:0,(anonymous_7)
FNDA:0,(anonymous_8)
FNDA:0,(anonymous_9)
FNDA:0,(anonymous_10)
FNDA:0,(anonymous_11)
FNDA:0,(anonymous_12)
FNDA:0,(anonymous_13)
FNDA:0,(anonymous_14)
FNDA:0,(anonymous_15)
FNDA:0,(anonymous_16)
FNDA:0,(anonymous_17)
FNDA:0,(anonymous_18)
FNDA:0,(anonymous_19)
FNDA:0,(anonymous_20)
FNDA:0,(anonymous_21)
DA:1,0
DA:23,0
DA:26,0
DA:27,0
DA:30,0
DA:31,0
DA:46,0
DA:47,0
DA:50,0
DA:51,0
DA:54,0
DA:55,0
DA:58,0
DA:59,0
DA:62,0
DA:63,0
DA:66,0
DA:67,0
DA:70,0
DA:71,0
DA:74,0
DA:75,0
DA:78,0
DA:79,0
DA:82,0
DA:83,0
DA:87,0
DA:91,0
DA:92,0
DA:95,0
DA:96,0
DA:103,0
DA:104,0
DA:107,0
DA:108,0
DA:111,0
DA:112,0
DA:115,0
DA:116,0
DA:120,0
DA:154,0
DA:155,0
DA:156,0
DA:157,0
DA:159,0
DA:160,0
DA:163,0
DA:164,0
DA:165,0
DA:166,0
DA:167,0
DA:168,0
DA:169,0
DA:170,0
DA:172,0
DA:173,0
DA:174,0
DA:177,0
DA:178,0
DA:179,0
DA:181,0
DA:183,0
DA:184,0
DA:187,0
DA:190,0
DA:191,0
DA:194,0
DA:213,0
DA:214,0
DA:216,0
DA:217,0
DA:218,0
DA:222,0
DA:223,0
DA:224,0
DA:228,0
DA:229,0
DA:230,0
DA:233,0
DA:235,0
DA:236,0
DA:259,0
DA:350,0
DA:382,0
DA:383,0
DA:460,0
DA:473,0
DA:484,0
DA:529,0
LF:89
LH:0
BRDA:26,0,0,0
BRDA:26,0,1,0
BRDA:26,1,0,0
BRDA:26,1,1,0
BRDA:30,2,0,0
BRDA:30,2,1,0
BRDA:30,3,0,0
BRDA:30,3,1,0
BRDA:46,4,0,0
BRDA:46,4,1,0
BRDA:46,5,0,0
BRDA:46,5,1,0
BRDA:50,6,0,0
BRDA:50,6,1,0
BRDA:50,7,0,0
BRDA:50,7,1,0
BRDA:54,8,0,0
BRDA:54,8,1,0
BRDA:54,9,0,0
BRDA:54,9,1,0
BRDA:58,10,0,0
BRDA:58,10,1,0
BRDA:58,11,0,0
BRDA:58,11,1,0
BRDA:62,12,0,0
BRDA:62,12,1,0
BRDA:62,13,0,0
BRDA:62,13,1,0
BRDA:66,14,0,0
BRDA:66,14,1,0
BRDA:66,15,0,0
BRDA:66,15,1,0
BRDA:70,16,0,0
BRDA:70,16,1,0
BRDA:70,17,0,0
BRDA:70,17,1,0
BRDA:74,18,0,0
BRDA:74,18,1,0
BRDA:74,19,0,0
BRDA:74,19,1,0
BRDA:78,20,0,0
BRDA:78,20,1,0
BRDA:78,21,0,0
BRDA:78,21,1,0
BRDA:82,22,0,0
BRDA:82,22,1,0
BRDA:82,23,0,0
BRDA:82,23,1,0
BRDA:91,24,0,0
BRDA:91,24,1,0
BRDA:91,25,0,0
BRDA:91,25,1,0
BRDA:95,26,0,0
BRDA:95,26,1,0
BRDA:95,27,0,0
BRDA:95,27,1,0
BRDA:103,28,0,0
BRDA:103,28,1,0
BRDA:103,29,0,0
BRDA:103,29,1,0
BRDA:107,30,0,0
BRDA:107,30,1,0
BRDA:107,31,0,0
BRDA:107,31,1,0
BRDA:111,32,0,0
BRDA:111,32,1,0
BRDA:111,33,0,0
BRDA:111,33,1,0
BRDA:115,34,0,0
BRDA:115,34,1,0
BRDA:115,35,0,0
BRDA:115,35,1,0
BRDA:154,36,0,0
BRDA:154,36,1,0
BRDA:159,37,0,0
BRDA:159,37,1,0
BRDA:163,38,0,0
BRDA:163,38,1,0
BRDA:164,39,0,0
BRDA:164,39,1,0
BRDA:165,40,0,0
BRDA:165,40,1,0
BRDA:167,41,0,0
BRDA:167,41,1,0
BRDA:167,42,0,0
BRDA:167,42,1,0
BRDA:170,43,0,0
BRDA:170,43,1,0
BRDA:173,44,0,0
BRDA:173,44,1,0
BRDA:183,45,0,0
BRDA:183,45,1,0
BRDA:217,46,0,0
BRDA:217,46,1,0
BRDA:223,47,0,0
BRDA:223,47,1,0
BRDA:229,48,0,0
BRDA:229,48,1,0
BRDA:229,49,0,0
BRDA:229,49,1,0
BRDA:244,50,0,0
BRDA:244,50,1,0
BRDA:276,51,0,0
BRDA:276,51,1,0
BRDA:281,52,0,0
BRDA:281,52,1,0
BRDA:285,53,0,0
BRDA:285,53,1,0
BRDA:299,54,0,0
BRDA:299,54,1,0
BRDA:304,55,0,0
BRDA:304,55,1,0
BRDA:308,56,0,0
BRDA:308,56,1,0
BRDA:315,57,0,0
BRDA:315,57,1,0
BRDA:411,58,0,0
BRDA:411,58,1,0
BRDA:421,59,0,0
BRDA:421,59,1,0
BRDA:426,60,0,0
BRDA:426,60,1,0
BRDA:431,61,0,0
BRDA:431,61,1,0
BRDA:439,62,0,0
BRDA:439,62,1,0
BRDA:441,63,0,0
BRDA:441,63,1,0
BRDA:463,64,0,0
BRDA:463,64,1,0
BRDA:473,65,0,0
BRDA:473,65,1,0
BRDA:475,66,0,0
BRDA:475,66,1,0
BRDA:477,67,0,0
BRDA:477,67,1,0
BRDA:513,68,0,0
BRDA:513,68,1,0
BRDA:515,69,0,0
BRDA:515,69,1,0
BRF:140
BRH:0
end_of_record
TN:
SF:src/features/music/shared/ui/playlist-editor-form.tsx
FN:33,getDefaultValues
FN:42,PlaylistEditorForm
FN:67,(anonymous_2)
FN:71,(anonymous_3)
FN:116,(anonymous_4)
FN:123,(anonymous_5)
FN:147,(anonymous_6)
FN:185,(anonymous_7)
FN:200,(anonymous_8)
FN:209,(anonymous_9)
FN:233,(anonymous_10)
FN:236,(anonymous_11)
FNF:12
FNH:0
FNDA:0,getDefaultValues
FNDA:0,PlaylistEditorForm
FNDA:0,(anonymous_2)
FNDA:0,(anonymous_3)
FNDA:0,(anonymous_4)
FNDA:0,(anonymous_5)
FNDA:0,(anonymous_6)
FNDA:0,(anonymous_7)
FNDA:0,(anonymous_8)
FNDA:0,(anonymous_9)
FNDA:0,(anonymous_10)
FNDA:0,(anonymous_11)
DA:1,0
DA:34,0
DA:59,0
DA:65,0
DA:66,0
DA:67,0
DA:68,0
DA:71,0
DA:72,0
DA:74,0
DA:75,0
DA:79,0
DA:117,0
DA:119,0
DA:124,0
DA:148,0
DA:186,0
DA:200,0
DA:210,0
DA:234,0
DA:236,0
LF:21
LH:0
BRDA:35,0,0,0
BRDA:35,0,1,0
BRDA:36,1,0,0
BRDA:36,1,1,0
BRDA:37,2,0,0
BRDA:37,2,1,0
BRDA:37,2,2,0
BRDA:38,3,0,0
BRDA:38,3,1,0
BRDA:74,4,0,0
BRDA:74,4,1,0
BRDA:110,5,0,0
BRDA:110,5,1,0
BRDA:131,6,0,0
BRDA:131,6,1,0
BRDA:143,7,0,0
BRDA:143,7,1,0
BRDA:167,8,0,0
BRDA:167,8,1,0
BRDA:219,9,0,0
BRDA:219,9,1,0
BRDA:223,10,0,0
BRDA:223,10,1,0
BRDA:251,11,0,0
BRDA:251,11,1,0
BRDA:263,12,0,0
BRDA:263,12,1,0
BRF:27
BRH:0
end_of_record
TN:
SF:src/features/music/shared/ui/use-focusflow-player.ts
FN:6,useFocusFlowPlayer
FN:13,(anonymous_1)
FN:26,(anonymous_2)
FN:33,(anonymous_3)
FN:47,(anonymous_4)
FN:52,(anonymous_5)
FN:58,(anonymous_6)
FN:61,(anonymous_7)
FN:71,(anonymous_8)
FN:80,(anonymous_9)
FN:83,(anonymous_10)
FN:87,(anonymous_11)
FN:94,(anonymous_12)
FN:104,(anonymous_13)
FN:108,(anonymous_14)
FN:113,(anonymous_15)
FN:115,(anonymous_16)
FN:120,(anonymous_17)
FN:123,(anonymous_18)
FN:128,(anonymous_19)
FNF:20
FNH:0
FNDA:0,useFocusFlowPlayer
FNDA:0,(anonymous_1)
FNDA:0,(anonymous_2)
FNDA:0,(anonymous_3)
FNDA:0,(anonymous_4)
FNDA:0,(anonymous_5)
FNDA:0,(anonymous_6)
FNDA:0,(anonymous_7)
FNDA:0,(anonymous_8)
FNDA:0,(anonymous_9)
FNDA:0,(anonymous_10)
FNDA:0,(anonymous_11)
FNDA:0,(anonymous_12)
FNDA:0,(anonymous_13)
FNDA:0,(anonymous_14)
FNDA:0,(anonymous_15)
FNDA:0,(anonymous_16)
FNDA:0,(anonymous_17)
FNDA:0,(anonymous_18)
FNDA:0,(anonymous_19)
DA:1,0
DA:7,0
DA:8,0
DA:9,0
DA:10,0
DA:11,0
DA:13,0
DA:14,0
DA:15,0
DA:16,0
DA:17,0
DA:18,0
DA:21,0
DA:22,0
DA:26,0
DA:27,0
DA:28,0
DA:29,0
DA:32,0
DA:33,0
DA:34,0
DA:35,0
DA:36,0
DA:39,0
DA:43,0
DA:47,0
DA:48,0
DA:49,0
DA:52,0
DA:53,0
DA:54,0
DA:55,0
DA:58,0
DA:61,0
DA:64,0
DA:72,0
DA:73,0
DA:76,0
DA:77,0
DA:78,0
DA:81,0
DA:84,0
DA:85,0
DA:88,0
DA:89,0
DA:92,0
DA:95,0
DA:96,0
DA:99,0
DA:100,0
DA:101,0
DA:105,0
DA:106,0
DA:109,0
DA:110,0
DA:113,0
DA:116,0
DA:117,0
DA:120,0
DA:121,0
DA:124,0
DA:125,0
DA:128,0
DA:129,0
LF:64
LH:0
BRDA:14,0,0,0
BRDA:14,0,1,0
BRDA:21,1,0,0
BRDA:21,1,1,0
BRDA:34,2,0,0
BRDA:34,2,1,0
BRDA:35,3,0,0
BRDA:35,3,1,0
BRDA:39,4,0,0
BRDA:39,4,1,0
BRDA:43,5,0,0
BRDA:43,5,1,0
BRDA:48,6,0,0
BRDA:48,6,1,0
BRDA:48,7,0,0
BRDA:48,7,1,0
BRDA:54,8,0,0
BRDA:54,8,1,0
BRDA:72,9,0,0
BRDA:72,9,1,0
BRDA:88,10,0,0
BRDA:88,10,1,0
BRDA:88,11,0,0
BRDA:88,11,1,0
BRDA:95,12,0,0
BRDA:95,12,1,0
BRDA:100,13,0,0
BRDA:100,13,1,0
BRDA:109,14,0,0
BRDA:109,14,1,0
BRDA:116,15,0,0
BRDA:116,15,1,0
BRDA:124,16,0,0
BRDA:124,16,1,0
BRF:34
BRH:0
end_of_record
TN:
SF:src/features/music/shared/ui/use-track-metadata.ts
FN:14,parseSpotifyTitle
FN:26,parseSoundCloudTitle
FN:38,resolveTrackMetadata
FN:70,useTrackMetadata
FN:73,(anonymous_4)
FN:86,(anonymous_5)
FN:94,(anonymous_6)
FNF:7
FNH:0
FNDA:0,parseSpotifyTitle
FNDA:0,parseSoundCloudTitle
FNDA:0,resolveTrackMetadata
FNDA:0,useTrackMetadata
FNDA:0,(anonymous_4)
FNDA:0,(anonymous_5)
FNDA:0,(anonymous_6)
DA:1,0
DA:12,0
DA:15,0
DA:16,0
DA:17,0
DA:23,0
DA:27,0
DA:28,0
DA:29,0
DA:35,0
DA:39,0
DA:40,0
DA:48,0
DA:49,0
DA:50,0
DA:51,0
DA:53,0
DA:54,0
DA:57,0
DA:58,0
DA:60,0
DA:66,0
DA:71,0
DA:73,0
DA:74,0
DA:75,0
DA:76,0
DA:79,0
DA:80,0
DA:81,0
DA:84,0
DA:86,0
DA:87,0
DA:89,0
DA:90,0
DA:94,0
DA:95,0
DA:99,0
LF:38
LH:0
BRDA:16,0,0,0
BRDA:16,0,1,0
BRDA:28,1,0,0
BRDA:28,1,1,0
BRDA:53,2,0,0
BRDA:53,2,1,0
BRDA:53,3,0,0
BRDA:53,3,1,0
BRDA:53,3,2,0
BRDA:57,4,0,0
BRDA:57,4,1,0
BRDA:58,5,0,0
BRDA:58,5,1,0
BRDA:61,6,0,0
BRDA:61,6,1,0
BRDA:61,6,2,0
BRDA:61,6,3,0
BRDA:62,7,0,0
BRDA:62,7,1,0
BRDA:62,7,2,0
BRDA:74,8,0,0
BRDA:74,8,1,0
BRDA:79,9,0,0
BRDA:79,9,1,0
BRDA:80,10,0,0
BRDA:80,10,1,0
BRDA:89,11,0,0
BRDA:89,11,1,0
BRF:28
BRH:0
end_of_record
TN:
SF:src/features/notes/flows/manage/editor/note-editor.tsx
FN:12,stripHtml
FN:35,NoteEditor
FN:50,(anonymous_2)
FN:54,(anonymous_3)
FN:61,(anonymous_4)
FN:65,(anonymous_5)
FN:69,(anonymous_6)
FN:75,(anonymous_7)
FN:82,(anonymous_8)
FN:108,(anonymous_9)
FN:116,(anonymous_10)
FN:119,(anonymous_11)
FN:122,(anonymous_12)
FN:129,(anonymous_13)
FN:137,(anonymous_14)
FN:150,(anonymous_15)
FN:160,(anonymous_16)
FN:166,(anonymous_17)
FNF:18
FNH:0
FNDA:0,stripHtml
FNDA:0,NoteEditor
FNDA:0,(anonymous_2)
FNDA:0,(anonymous_3)
FNDA:0,(anonymous_4)
FNDA:0,(anonymous_5)
FNDA:0,(anonymous_6)
FNDA:0,(anonymous_7)
FNDA:0,(anonymous_8)
FNDA:0,(anonymous_9)
FNDA:0,(anonymous_10)
FNDA:0,(anonymous_11)
FNDA:0,(anonymous_12)
FNDA:0,(anonymous_13)
FNDA:0,(anonymous_14)
FNDA:0,(anonymous_15)
FNDA:0,(anonymous_16)
FNDA:0,(anonymous_17)
DA:1,0
DA:13,0
DA:44,0
DA:46,0
DA:47,0
DA:48,0
DA:50,0
DA:51,0
DA:54,0
DA:55,0
DA:56,0
DA:57,0
DA:61,0
DA:62,0
DA:65,0
DA:67,0
DA:69,0
DA:75,0
DA:76,0
DA:77,0
DA:78,0
DA:82,0
DA:83,0
DA:85,0
DA:86,0
DA:89,0
DA:90,0
DA:91,0
DA:94,0
DA:101,0
DA:108,0
DA:116,0
DA:119,0
DA:122,0
DA:129,0
DA:137,0
DA:150,0
DA:160,0
DA:167,0
LF:39
LH:0
BRDA:36,0,0,0
BRDA:37,1,0,0
BRDA:38,2,0,0
BRDA:39,3,0,0
BRDA:40,4,0,0
BRDA:56,5,0,0
BRDA:56,5,1,0
BRDA:56,6,0,0
BRDA:56,6,1,0
BRDA:77,7,0,0
BRDA:77,7,1,0
BRDA:85,8,0,0
BRDA:85,8,1,0
BRDA:90,9,0,0
BRDA:90,9,1,0
BRDA:165,10,0,0
BRDA:165,10,1,0
BRDA:179,11,0,0
BRDA:179,11,1,0
BRF:19
BRH:0
end_of_record
TN:
SF:src/features/notes/flows/view/detail/note-detail-view.tsx
FN:18,formatDate
FN:28,NoteDetailView
FN:36,(anonymous_2)
FN:37,(anonymous_3)
FN:43,(anonymous_4)
FN:47,(anonymous_5)
FN:48,(anonymous_6)
FN:52,(anonymous_7)
FN:56,(anonymous_8)
FN:57,(anonymous_9)
FN:62,(anonymous_10)
FN:73,(anonymous_11)
FN:77,(anonymous_12)
FN:79,(anonymous_13)
FN:87,(anonymous_14)
FN:108,(anonymous_15)
FN:108,(anonymous_16)
FN:118,(anonymous_17)
FN:137,(anonymous_18)
FN:151,(anonymous_19)
FNF:20
FNH:0
FNDA:0,formatDate
FNDA:0,NoteDetailView
FNDA:0,(anonymous_2)
FNDA:0,(anonymous_3)
FNDA:0,(anonymous_4)
FNDA:0,(anonymous_5)
FNDA:0,(anonymous_6)
FNDA:0,(anonymous_7)
FNDA:0,(anonymous_8)
FNDA:0,(anonymous_9)
FNDA:0,(anonymous_10)
FNDA:0,(anonymous_11)
FNDA:0,(anonymous_12)
FNDA:0,(anonymous_13)
FNDA:0,(anonymous_14)
FNDA:0,(anonymous_15)
FNDA:0,(anonymous_16)
FNDA:0,(anonymous_17)
FNDA:0,(anonymous_18)
FNDA:0,(anonymous_19)
DA:1,0
DA:19,0
DA:29,0
DA:30,0
DA:32,0
DA:33,0
DA:35,0
DA:36,0
DA:38,0
DA:39,0
DA:40,0
DA:41,0
DA:43,0
DA:46,0
DA:47,0
DA:49,0
DA:50,0
DA:52,0
DA:55,0
DA:56,0
DA:58,0
DA:59,0
DA:60,0
DA:62,0
DA:65,0
DA:66,0
DA:69,0
DA:70,0
DA:73,0
DA:74,0
DA:77,0
DA:79,0
DA:80,0
DA:87,0
DA:88,0
DA:91,0
DA:108,0
DA:118,0
DA:137,0
DA:152,0
LF:40
LH:0
BRDA:65,0,0,0
BRDA:65,0,1,0
BRDA:69,1,0,0
BRDA:69,1,1,0
BRDA:69,2,0,0
BRDA:69,2,1,0
BRDA:109,3,0,0
BRDA:109,3,1,0
BRDA:112,4,0,0
BRDA:112,4,1,0
BRDA:121,5,0,0
BRDA:121,5,1,0
BRDA:130,6,0,0
BRDA:130,6,1,0
BRDA:134,7,0,0
BRDA:134,7,1,0
BRDA:135,8,0,0
BRDA:135,8,1,0
BRDA:150,9,0,0
BRDA:150,9,1,0
BRDA:150,10,0,0
BRDA:150,10,1,0
BRDA:151,11,0,0
BRDA:151,11,1,0
BRF:24
BRH:0
end_of_record
TN:
SF:src/features/notes/flows/view/detail/use-note-detail.ts
FN:5,useNoteDetail
FN:8,(anonymous_1)
FNF:2
FNH:0
FNDA:0,useNoteDetail
FNDA:0,(anonymous_1)
DA:6,0
DA:8,0
LF:2
LH:0
BRF:0
BRH:0
end_of_record
TN:
SF:src/features/notes/flows/view/list/note-list-view.tsx
FN:31,stripHtml
FN:38,formatDate
FN:46,NoteListView
FN:71,(anonymous_3)
FN:77,(anonymous_4)
FN:84,(anonymous_5)
FN:86,(anonymous_6)
FN:94,(anonymous_7)
FN:101,(anonymous_8)
FN:103,(anonymous_9)
FN:106,(anonymous_10)
FN:111,(anonymous_11)
FN:113,(anonymous_12)
FN:115,(anonymous_13)
FN:116,(anonymous_14)
FN:121,(anonymous_15)
FN:123,(anonymous_16)
FN:139,(anonymous_17)
FN:149,(anonymous_18)
FN:154,(anonymous_19)
FN:164,(anonymous_20)
FN:171,(anonymous_21)
FN:185,(anonymous_22)
FN:188,(anonymous_23)
FN:193,(anonymous_24)
FN:194,(anonymous_25)
FN:198,(anonymous_26)
FN:205,(anonymous_27)
FN:209,(anonymous_28)
FN:215,(anonymous_29)
FN:218,(anonymous_30)
FN:224,(anonymous_31)
FN:224,(anonymous_32)
FN:229,(anonymous_33)
FN:240,(anonymous_34)
FN:267,(anonymous_35)
FN:286,(anonymous_36)
FN:297,(anonymous_37)
FN:306,(anonymous_38)
FN:313,(anonymous_39)
FN:323,(anonymous_40)
FN:323,(anonymous_41)
FN:329,(anonymous_42)
FN:335,(anonymous_43)
FN:345,(anonymous_44)
FN:345,(anonymous_45)
FN:407,(anonymous_46)
FN:429,(anonymous_47)
FN:441,(anonymous_48)
FN:450,(anonymous_49)
FN:463,(anonymous_50)
FN:496,(anonymous_51)
FN:496,(anonymous_52)
FN:508,(anonymous_53)
FN:508,(anonymous_54)
FN:520,(anonymous_55)
FNF:56
FNH:0
FNDA:0,stripHtml
FNDA:0,formatDate
FNDA:0,NoteListView
FNDA:0,(anonymous_3)
FNDA:0,(anonymous_4)
FNDA:0,(anonymous_5)
FNDA:0,(anonymous_6)
FNDA:0,(anonymous_7)
FNDA:0,(anonymous_8)
FNDA:0,(anonymous_9)
FNDA:0,(anonymous_10)
FNDA:0,(anonymous_11)
FNDA:0,(anonymous_12)
FNDA:0,(anonymous_13)
FNDA:0,(anonymous_14)
FNDA:0,(anonymous_15)
FNDA:0,(anonymous_16)
FNDA:0,(anonymous_17)
FNDA:0,(anonymous_18)
FNDA:0,(anonymous_19)
FNDA:0,(anonymous_20)
FNDA:0,(anonymous_21)
FNDA:0,(anonymous_22)
FNDA:0,(anonymous_23)
FNDA:0,(anonymous_24)
FNDA:0,(anonymous_25)
FNDA:0,(anonymous_26)
FNDA:0,(anonymous_27)
FNDA:0,(anonymous_28)
FNDA:0,(anonymous_29)
FNDA:0,(anonymous_30)
FNDA:0,(anonymous_31)
FNDA:0,(anonymous_32)
FNDA:0,(anonymous_33)
FNDA:0,(anonymous_34)
FNDA:0,(anonymous_35)
FNDA:0,(anonymous_36)
FNDA:0,(anonymous_37)
FNDA:0,(anonymous_38)
FNDA:0,(anonymous_39)
FNDA:0,(anonymous_40)
FNDA:0,(anonymous_41)
FNDA:0,(anonymous_42)
FNDA:0,(anonymous_43)
FNDA:0,(anonymous_44)
FNDA:0,(anonymous_45)
FNDA:0,(anonymous_46)
FNDA:0,(anonymous_47)
FNDA:0,(anonymous_48)
FNDA:0,(anonymous_49)
FNDA:0,(anonymous_50)
FNDA:0,(anonymous_51)
FNDA:0,(anonymous_52)
FNDA:0,(anonymous_53)
FNDA:0,(anonymous_54)
FNDA:0,(anonymous_55)
DA:1,0
DA:29,0
DA:32,0
DA:39,0
DA:47,0
DA:49,0
DA:50,0
DA:51,0
DA:52,0
DA:53,0
DA:54,0
DA:55,0
DA:56,0
DA:57,0
DA:58,0
DA:59,0
DA:61,0
DA:62,0
DA:64,0
DA:69,0
DA:71,0
DA:75,0
DA:78,0
DA:79,0
DA:83,0
DA:85,0
DA:87,0
DA:88,0
DA:92,0
DA:95,0
DA:96,0
DA:100,0
DA:102,0
DA:104,0
DA:106,0
DA:109,0
DA:111,0
DA:113,0
DA:114,0
DA:115,0
DA:116,0
DA:118,0
DA:121,0
DA:123,0
DA:124,0
DA:125,0
DA:128,0
DA:129,0
DA:132,0
DA:137,0
DA:139,0
DA:140,0
DA:141,0
DA:144,0
DA:145,0
DA:146,0
DA:149,0
DA:150,0
DA:151,0
DA:154,0
DA:155,0
DA:156,0
DA:159,0
DA:160,0
DA:161,0
DA:164,0
DA:166,0
DA:167,0
DA:168,0
DA:171,0
DA:172,0
DA:173,0
DA:176,0
DA:184,0
DA:185,0
DA:188,0
DA:189,0
DA:190,0
DA:193,0
DA:194,0
DA:198,0
DA:199,0
DA:205,0
DA:206,0
DA:209,0
DA:210,0
DA:211,0
DA:214,0
DA:215,0
DA:216,0
DA:218,0
DA:219,0
DA:220,0
DA:222,0
DA:224,0
DA:229,0
DA:230,0
DA:237,0
DA:240,0
DA:241,0
DA:242,0
DA:245,0
DA:254,0
DA:257,0
DA:258,0
DA:261,0
DA:268,0
DA:286,0
DA:297,0
DA:306,0
DA:313,0
DA:323,0
DA:330,0
DA:335,0
DA:345,0
DA:408,0
DA:430,0
DA:431,0
DA:441,0
DA:450,0
DA:464,0
DA:496,0
DA:508,0
DA:521,0
DA:522,0
LF:125
LH:0
BRDA:64,0,0,0
BRDA:69,1,0,0
BRDA:109,2,0,0
BRDA:109,2,1,0
BRDA:116,3,0,0
BRDA:116,3,1,0
BRDA:124,4,0,0
BRDA:124,4,1,0
BRDA:124,5,0,0
BRDA:124,5,1,0
BRDA:128,6,0,0
BRDA:128,6,1,0
BRDA:128,7,0,0
BRDA:128,7,1,0
BRDA:128,8,0,0
BRDA:128,8,1,0
BRDA:140,9,0,0
BRDA:140,9,1,0
BRDA:155,10,0,0
BRDA:155,10,1,0
BRDA:160,11,0,0
BRDA:160,11,1,0
BRDA:167,12,0,0
BRDA:167,12,1,0
BRDA:172,13,0,0
BRDA:172,13,1,0
BRDA:194,14,0,0
BRDA:194,14,1,0
BRDA:194,15,0,0
BRDA:194,15,1,0
BRDA:210,16,0,0
BRDA:210,16,1,0
BRDA:241,17,0,0
BRDA:241,17,1,0
BRDA:257,18,0,0
BRDA:257,18,1,0
BRDA:295,19,0,0
BRDA:295,19,1,0
BRDA:304,20,0,0
BRDA:304,20,1,0
BRDA:322,21,0,0
BRDA:322,21,1,0
BRDA:334,22,0,0
BRDA:334,22,1,0
BRDA:337,23,0,0
BRDA:337,23,1,0
BRDA:344,24,0,0
BRDA:344,24,1,0
BRDA:347,25,0,0
BRDA:347,25,1,0
BRDA:353,26,0,0
BRDA:353,26,1,0
BRDA:367,27,0,0
BRDA:367,27,1,0
BRDA:372,28,0,0
BRDA:372,28,1,0
BRDA:373,29,0,0
BRDA:373,29,1,0
BRDA:374,30,0,0
BRDA:374,30,1,0
BRDA:376,31,0,0
BRDA:376,31,1,0
BRDA:377,32,0,0
BRDA:377,32,1,0
BRDA:378,33,0,0
BRDA:378,33,1,0
BRDA:380,34,0,0
BRDA:380,34,1,0
BRDA:382,35,0,0
BRDA:382,35,1,0
BRDA:389,36,0,0
BRDA:389,36,1,0
BRDA:401,37,0,0
BRDA:401,37,1,0
BRDA:443,38,0,0
BRDA:443,38,1,0
BRDA:458,39,0,0
BRDA:458,39,1,0
BRDA:462,40,0,0
BRDA:462,40,1,0
BRDA:462,41,0,0
BRDA:462,41,1,0
BRDA:463,42,0,0
BRDA:463,42,1,0
BRDA:479,43,0,0
BRDA:479,43,1,0
BRDA:488,44,0,0
BRDA:488,44,1,0
BRDA:521,45,0,0
BRDA:521,45,1,0
BRDA:527,46,0,0
BRDA:527,46,1,0
BRF:92
BRH:0
end_of_record
TN:
SF:src/features/notes/shared/data/notes.query-keys.ts
FN:3,(anonymous_0)
FN:4,(anonymous_1)
FN:5,(anonymous_2)
FNF:3
FNH:1
FNDA:26,(anonymous_0)
FNDA:0,(anonymous_1)
FNDA:0,(anonymous_2)
DA:1,2
DA:3,26
DA:4,0
DA:5,0
LF:4
LH:2
BRF:0
BRH:0
end_of_record
TN:
SF:src/features/notes/shared/data/notes.service.ts
FN:9,normalizeNote
FN:18,normalizeNotesPayload
FN:31,(anonymous_2)
FN:34,(anonymous_3)
FN:36,(anonymous_4)
FN:52,(anonymous_5)
FN:59,(anonymous_6)
FN:59,(anonymous_7)
FN:60,(anonymous_8)
FN:61,(anonymous_9)
FN:62,(anonymous_10)
FN:63,(anonymous_11)
FN:64,(anonymous_12)
FN:64,(anonymous_13)
FNF:14
FNH:0
FNDA:0,normalizeNote
FNDA:0,normalizeNotesPayload
FNDA:0,(anonymous_2)
FNDA:0,(anonymous_3)
FNDA:0,(anonymous_4)
FNDA:0,(anonymous_5)
FNDA:0,(anonymous_6)
FNDA:0,(anonymous_7)
FNDA:0,(anonymous_8)
FNDA:0,(anonymous_9)
FNDA:0,(anonymous_10)
FNDA:0,(anonymous_11)
FNDA:0,(anonymous_12)
FNDA:0,(anonymous_13)
DA:10,0
DA:19,0
DA:20,0
DA:23,0
DA:24,0
DA:27,0
DA:30,0
DA:32,0
DA:34,0
DA:37,0
DA:38,0
DA:42,0
DA:45,0
DA:46,0
DA:48,0
DA:49,0
DA:52,0
DA:53,0
DA:54,0
DA:59,0
DA:61,0
DA:63,0
DA:64,0
LF:23
LH:0
BRDA:12,0,0,0
BRDA:12,0,1,0
BRDA:13,1,0,0
BRDA:13,1,1,0
BRDA:13,1,2,0
BRDA:14,2,0,0
BRDA:14,2,1,0
BRDA:14,2,2,0
BRDA:19,3,0,0
BRDA:19,3,1,0
BRDA:23,4,0,0
BRDA:23,4,1,0
BRDA:23,5,0,0
BRDA:23,5,1,0
BRDA:48,6,0,0
BRDA:48,6,1,0
BRF:16
BRH:0
end_of_record
TN:
SF:src/features/notes/shared/domain/notes.types.ts
FNF:0
FNH:0
LF:0
LH:0
BRF:0
BRH:0
end_of_record
TN:
SF:src/features/reminders/flows/view/list/reminder-list-view.tsx
FN:44,toLocalDatetimeValue
FN:46,(anonymous_1)
FN:50,toISOString
FN:54,getUrgency
FN:65,formatRelative
FN:82,formatFull
FN:151,ReminderFormModal
FN:168,(anonymous_7)
FN:290,ReminderCard
FN:424,DateRangePicker
FN:435,(anonymous_10)
FN:448,(anonymous_11)
FN:455,(anonymous_12)
FN:468,ReminderListView
FN:489,(anonymous_14)
FN:493,(anonymous_15)
FN:501,(anonymous_16)
FN:505,(anonymous_17)
FN:509,(anonymous_18)
FN:516,(anonymous_19)
FN:519,(anonymous_20)
FN:524,(anonymous_21)
FN:528,(anonymous_22)
FN:531,(anonymous_23)
FN:536,(anonymous_24)
FN:541,(anonymous_25)
FN:546,(anonymous_26)
FN:559,(anonymous_27)
FN:560,(anonymous_28)
FN:570,(anonymous_29)
FN:578,(anonymous_30)
FN:582,(anonymous_31)
FN:589,(anonymous_32)
FN:590,(anonymous_33)
FN:596,(anonymous_34)
FN:615,(anonymous_35)
FN:633,(anonymous_36)
FN:644,(anonymous_37)
FN:674,(anonymous_38)
FN:678,(anonymous_39)
FN:679,(anonymous_40)
FN:680,(anonymous_41)
FN:748,(anonymous_42)
FNF:43
FNH:0
FNDA:0,toLocalDatetimeValue
FNDA:0,(anonymous_1)
FNDA:0,toISOString
FNDA:0,getUrgency
FNDA:0,formatRelative
FNDA:0,formatFull
FNDA:0,ReminderFormModal
FNDA:0,(anonymous_7)
FNDA:0,ReminderCard
FNDA:0,DateRangePicker
FNDA:0,(anonymous_10)
FNDA:0,(anonymous_11)
FNDA:0,(anonymous_12)
FNDA:0,ReminderListView
FNDA:0,(anonymous_14)
FNDA:0,(anonymous_15)
FNDA:0,(anonymous_16)
FNDA:0,(anonymous_17)
FNDA:0,(anonymous_18)
FNDA:0,(anonymous_19)
FNDA:0,(anonymous_20)
FNDA:0,(anonymous_21)
FNDA:0,(anonymous_22)
FNDA:0,(anonymous_23)
FNDA:0,(anonymous_24)
FNDA:0,(anonymous_25)
FNDA:0,(anonymous_26)
FNDA:0,(anonymous_27)
FNDA:0,(anonymous_28)
FNDA:0,(anonymous_29)
FNDA:0,(anonymous_30)
FNDA:0,(anonymous_31)
FNDA:0,(anonymous_32)
FNDA:0,(anonymous_33)
FNDA:0,(anonymous_34)
FNDA:0,(anonymous_35)
FNDA:0,(anonymous_36)
FNDA:0,(anonymous_37)
FNDA:0,(anonymous_38)
FNDA:0,(anonymous_39)
FNDA:0,(anonymous_40)
FNDA:0,(anonymous_41)
FNDA:0,(anonymous_42)
DA:1,0
DA:45,0
DA:46,0
DA:47,0
DA:51,0
DA:55,0
DA:56,0
DA:57,0
DA:58,0
DA:59,0
DA:60,0
DA:61,0
DA:62,0
DA:66,0
DA:67,0
DA:68,0
DA:69,0
DA:70,0
DA:71,0
DA:72,0
DA:73,0
DA:75,0
DA:76,0
DA:77,0
DA:78,0
DA:79,0
DA:83,0
DA:101,0
DA:134,0
DA:156,0
DA:168,0
DA:169,0
DA:170,0
DA:176,0
DA:180,0
DA:298,0
DA:299,0
DA:300,0
DA:302,0
DA:425,0
DA:435,0
DA:448,0
DA:455,0
DA:469,0
DA:471,0
DA:472,0
DA:473,0
DA:474,0
DA:475,0
DA:476,0
DA:477,0
DA:478,0
DA:481,0
DA:487,0
DA:489,0
DA:492,0
DA:493,0
DA:494,0
DA:495,0
DA:496,0
DA:499,0
DA:502,0
DA:503,0
DA:505,0
DA:508,0
DA:515,0
DA:517,0
DA:519,0
DA:522,0
DA:525,0
DA:526,0
DA:528,0
DA:531,0
DA:532,0
DA:533,0
DA:536,0
DA:537,0
DA:538,0
DA:541,0
DA:542,0
DA:543,0
DA:546,0
DA:547,0
DA:549,0
DA:550,0
DA:551,0
DA:553,0
DA:556,0
DA:559,0
DA:560,0
DA:561,0
DA:562,0
DA:566,0
DA:570,0
DA:571,0
DA:572,0
DA:573,0
DA:578,0
DA:579,0
DA:582,0
DA:583,0
DA:584,0
DA:587,0
DA:588,0
DA:589,0
DA:590,0
DA:591,0
DA:592,0
DA:596,0
DA:597,0
DA:598,0
DA:599,0
DA:605,0
DA:615,0
DA:634,0
DA:635,0
DA:645,0
DA:675,0
DA:678,0
DA:679,0
DA:680,0
DA:749,0
DA:750,0
LF:123
LH:0
BRDA:55,0,0,0
BRDA:55,0,1,0
BRDA:58,1,0,0
BRDA:58,1,1,0
BRDA:60,2,0,0
BRDA:60,2,1,0
BRDA:61,3,0,0
BRDA:61,3,1,0
BRDA:75,4,0,0
BRDA:75,4,1,0
BRDA:76,5,0,0
BRDA:76,5,1,0
BRDA:76,6,0,0
BRDA:76,6,1,0
BRDA:77,7,0,0
BRDA:77,7,1,0
BRDA:77,8,0,0
BRDA:77,8,1,0
BRDA:78,9,0,0
BRDA:78,9,1,0
BRDA:78,10,0,0
BRDA:78,10,1,0
BRDA:79,11,0,0
BRDA:79,11,1,0
BRDA:159,12,0,0
BRDA:159,12,1,0
BRDA:162,13,0,0
BRDA:162,13,1,0
BRDA:169,14,0,0
BRDA:169,14,1,0
BRDA:172,15,0,0
BRDA:172,15,1,0
BRDA:209,16,0,0
BRDA:209,16,1,0
BRDA:229,17,0,0
BRDA:229,17,1,0
BRDA:244,18,0,0
BRDA:244,18,1,0
BRDA:260,19,0,0
BRDA:260,19,1,0
BRDA:270,20,0,0
BRDA:270,20,1,0
BRDA:270,21,0,0
BRDA:270,21,1,0
BRDA:307,22,0,0
BRDA:307,22,1,0
BRDA:308,23,0,0
BRDA:308,23,1,0
BRDA:309,24,0,0
BRDA:309,24,1,0
BRDA:321,25,0,0
BRDA:321,25,1,0
BRDA:324,26,0,0
BRDA:324,26,1,0
BRDA:355,27,0,0
BRDA:355,27,1,0
BRDA:368,28,0,0
BRDA:368,28,1,0
BRDA:375,29,0,0
BRDA:375,29,1,0
BRDA:377,30,0,0
BRDA:377,30,1,0
BRDA:447,31,0,0
BRDA:447,31,1,0
BRDA:452,32,0,0
BRDA:452,32,1,0
BRDA:452,32,2,0
BRDA:482,33,0,0
BRDA:482,33,1,0
BRDA:483,34,0,0
BRDA:483,34,1,0
BRDA:492,35,0,0
BRDA:492,35,1,0
BRDA:494,36,0,0
BRDA:494,36,1,0
BRDA:495,37,0,0
BRDA:495,37,1,0
BRDA:549,38,0,0
BRDA:549,38,1,0
BRDA:566,39,0,0
BRDA:566,39,1,0
BRDA:567,40,0,0
BRDA:567,40,1,0
BRDA:583,41,0,0
BRDA:583,41,1,0
BRDA:642,42,0,0
BRDA:642,42,1,0
BRDA:657,43,0,0
BRDA:657,43,1,0
BRDA:671,44,0,0
BRDA:671,44,1,0
BRDA:671,44,2,0
BRDA:688,45,0,0
BRDA:688,45,1,0
BRDA:696,46,0,0
BRDA:696,46,1,0
BRDA:703,47,0,0
BRDA:703,47,1,0
BRDA:705,48,0,0
BRDA:705,48,1,0
BRDA:710,49,0,0
BRDA:710,49,1,0
BRDA:736,50,0,0
BRDA:736,50,1,0
BRDA:741,51,0,0
BRDA:741,51,1,0
BRDA:749,52,0,0
BRDA:749,52,1,0
BRDA:755,53,0,0
BRDA:755,53,1,0
BRF:110
BRH:0
end_of_record
TN:
SF:src/features/reminders/shared/data/reminders.query-keys.ts
FN:3,(anonymous_0)
FN:4,(anonymous_1)
FNF:2
FNH:0
FNDA:0,(anonymous_0)
FNDA:0,(anonymous_1)
DA:1,0
DA:3,0
DA:4,0
LF:3
LH:0
BRF:0
BRH:0
end_of_record
TN:
SF:src/features/reminders/shared/data/reminders.service.ts
FN:10,normalizeReminder
FN:17,extractReminders
FN:23,extractPaginated
FN:33,(anonymous_3)
FN:36,(anonymous_4)
FN:38,(anonymous_5)
FN:41,(anonymous_6)
FN:43,(anonymous_7)
FN:44,(anonymous_8)
FN:46,(anonymous_9)
FN:47,(anonymous_10)
FN:49,(anonymous_11)
FN:49,(anonymous_12)
FNF:13
FNH:0
FNDA:0,normalizeReminder
FNDA:0,extractReminders
FNDA:0,extractPaginated
FNDA:0,(anonymous_3)
FNDA:0,(anonymous_4)
FNDA:0,(anonymous_5)
FNDA:0,(anonymous_6)
FNDA:0,(anonymous_7)
FNDA:0,(anonymous_8)
FNDA:0,(anonymous_9)
FNDA:0,(anonymous_10)
FNDA:0,(anonymous_11)
FNDA:0,(anonymous_12)
DA:11,0
DA:18,0
DA:19,0
DA:20,0
DA:26,0
DA:27,0
DA:29,0
DA:32,0
DA:34,0
DA:36,0
DA:39,0
DA:41,0
DA:44,0
DA:47,0
DA:49,0
LF:15
LH:0
BRDA:13,0,0,0
BRDA:13,0,1,0
BRDA:18,1,0,0
BRDA:18,1,1,0
BRDA:19,2,0,0
BRDA:19,2,1,0
BRDA:19,3,0,0
BRDA:19,3,1,0
BRDA:26,4,0,0
BRDA:26,4,1,0
BRF:10
BRH:0
end_of_record
TN:
SF:src/features/reminders/shared/domain/reminders.schema.ts
FNF:0
FNH:0
DA:3,0
LF:1
LH:0
BRF:0
BRH:0
end_of_record
TN:
SF:src/features/reminders/shared/domain/reminders.types.ts
FNF:0
FNH:0
LF:0
LH:0
BRF:0
BRH:0
end_of_record
TN:
SF:src/features/users/flows/manage/profile/profile-settings-view.tsx
FN:65,getPasswordStrength
FN:83,getInitials
FN:92,(anonymous_2)
FN:96,getErrorMessage
FN:105,ProfileSettingsView
FN:135,(anonymous_5)
FN:156,(anonymous_6)
FN:161,(anonymous_7)
FN:168,(anonymous_8)
FN:173,(anonymous_9)
FN:179,(anonymous_10)
FN:184,(anonymous_11)
FN:191,(anonymous_12)
FN:200,(anonymous_13)
FN:204,(anonymous_14)
FN:309,(anonymous_15)
FN:315,(anonymous_16)
FN:360,(anonymous_17)
FN:366,(anonymous_18)
FNF:19
FNH:0
FNDA:0,getPasswordStrength
FNDA:0,getInitials
FNDA:0,(anonymous_2)
FNDA:0,getErrorMessage
FNDA:0,ProfileSettingsView
FNDA:0,(anonymous_5)
FNDA:0,(anonymous_6)
FNDA:0,(anonymous_7)
FNDA:0,(anonymous_8)
FNDA:0,(anonymous_9)
FNDA:0,(anonymous_10)
FNDA:0,(anonymous_11)
FNDA:0,(anonymous_12)
FNDA:0,(anonymous_13)
FNDA:0,(anonymous_14)
FNDA:0,(anonymous_15)
FNDA:0,(anonymous_16)
FNDA:0,(anonymous_17)
FNDA:0,(anonymous_18)
DA:1,0
DA:49,0
DA:56,0
DA:66,0
DA:67,0
DA:70,0
DA:72,0
DA:73,0
DA:74,0
DA:75,0
DA:77,0
DA:78,0
DA:79,0
DA:80,0
DA:84,0
DA:86,0
DA:87,0
DA:90,0
DA:92,0
DA:97,0
DA:98,0
DA:101,0
DA:102,0
DA:106,0
DA:108,0
DA:113,0
DA:115,0
DA:126,0
DA:135,0
DA:136,0
DA:137,0
DA:140,0
DA:148,0
DA:149,0
DA:150,0
DA:154,0
DA:157,0
DA:158,0
DA:159,0
DA:162,0
DA:166,0
DA:169,0
DA:170,0
DA:171,0
DA:174,0
DA:178,0
DA:179,0
DA:180,0
DA:184,0
DA:185,0
DA:186,0
DA:187,0
DA:190,0
DA:191,0
DA:192,0
DA:193,0
DA:194,0
DA:195,0
DA:197,0
DA:200,0
DA:201,0
DA:204,0
DA:205,0
DA:208,0
DA:310,0
DA:316,0
DA:361,0
DA:367,0
LF:68
LH:0
BRDA:66,0,0,0
BRDA:66,0,1,0
BRDA:72,1,0,0
BRDA:72,1,1,0
BRDA:73,2,0,0
BRDA:73,2,1,0
BRDA:73,3,0,0
BRDA:73,3,1,0
BRDA:74,4,0,0
BRDA:74,4,1,0
BRDA:75,5,0,0
BRDA:75,5,1,0
BRDA:77,6,0,0
BRDA:77,6,1,0
BRDA:78,7,0,0
BRDA:78,7,1,0
BRDA:79,8,0,0
BRDA:79,8,1,0
BRDA:86,9,0,0
BRDA:86,9,1,0
BRDA:92,10,0,0
BRDA:92,10,1,0
BRDA:97,11,0,0
BRDA:97,11,1,0
BRDA:102,12,0,0
BRDA:102,12,1,0
BRDA:136,13,0,0
BRDA:136,13,1,0
BRDA:141,14,0,0
BRDA:141,14,1,0
BRDA:142,15,0,0
BRDA:142,15,1,0
BRDA:143,16,0,0
BRDA:143,16,1,0
BRDA:144,17,0,0
BRDA:144,17,1,0
BRDA:145,18,0,0
BRDA:145,18,1,0
BRDA:149,19,0,0
BRDA:149,19,1,0
BRDA:180,20,0,0
BRDA:180,20,1,0
BRDA:186,21,0,0
BRDA:186,21,1,0
BRDA:186,22,0,0
BRDA:186,22,1,0
BRDA:192,23,0,0
BRDA:192,23,1,0
BRDA:220,24,0,0
BRDA:220,24,1,0
BRDA:224,25,0,0
BRDA:224,25,1,0
BRDA:224,26,0,0
BRDA:224,26,1,0
BRDA:225,27,0,0
BRDA:225,27,1,0
BRDA:234,28,0,0
BRDA:234,28,1,0
BRDA:271,29,0,0
BRDA:271,29,1,0
BRDA:271,30,0,0
BRDA:271,30,1,0
BRDA:272,31,0,0
BRDA:272,31,1,0
BRDA:297,32,0,0
BRDA:297,32,1,0
BRDA:324,33,0,0
BRDA:324,33,1,0
BRDA:334,34,0,0
BRDA:334,34,1,0
BRDA:348,35,0,0
BRDA:348,35,1,0
BRDA:375,36,0,0
BRDA:375,36,1,0
BRDA:389,37,0,0
BRDA:389,37,1,0
BRDA:424,38,0,0
BRDA:424,38,1,0
BRDA:439,39,0,0
BRDA:439,39,1,0
BRDA:462,40,0,0
BRDA:462,40,1,0
BRDA:475,41,0,0
BRDA:475,41,1,0
BRF:84
BRH:0
end_of_record
TN:
SF:src/features/users/shared/data/users.query-keys.ts
FN:3,(anonymous_0)
FNF:1
FNH:1
FNDA:26,(anonymous_0)
DA:1,2
DA:3,26
LF:2
LH:2
BRF:0
BRH:0
end_of_record
TN:
SF:src/features/users/shared/data/users.service.ts
FN:10,(anonymous_0)
FN:10,(anonymous_1)
FN:12,(anonymous_2)
FN:13,(anonymous_3)
FN:15,(anonymous_4)
FN:18,(anonymous_5)
FNF:6
FNH:0
FNDA:0,(anonymous_0)
FNDA:0,(anonymous_1)
FNDA:0,(anonymous_2)
FNDA:0,(anonymous_3)
FNDA:0,(anonymous_4)
FNDA:0,(anonymous_5)
DA:9,0
DA:10,0
DA:13,0
DA:16,0
DA:18,0
LF:5
LH:0
BRF:0
BRH:0
end_of_record
TN:
SF:src/features/users/shared/domain/users.schema.ts
FN:44,(anonymous_0)
FNF:1
FNH:0
FNDA:0,(anonymous_0)
DA:3,0
DA:35,0
DA:44,0
LF:3
LH:0
BRF:0
BRH:0
end_of_record
TN:
SF:src/features/users/shared/domain/users.types.ts
FNF:0
FNH:0
LF:0
LH:0
BRF:0
BRH:0
end_of_record
TN:
SF:src/lib/utils.ts
FN:4,cn
FNF:1
FNH:1
FNDA:245,cn
DA:5,245
LF:1
LH:1
BRF:0
BRH:0
end_of_record
TN:
SF:src/shared/api/client.ts
FN:8,clearSessionAndRedirectToLogin
FN:18,(anonymous_1)
FN:28,(anonymous_2)
FN:30,(anonymous_3)
FNF:4
FNH:0
FNDA:0,clearSessionAndRedirectToLogin
FNDA:0,(anonymous_1)
FNDA:0,(anonymous_2)
FNDA:0,(anonymous_3)
DA:3,0
DA:9,0
DA:10,0
DA:13,0
DA:14,0
DA:15,0
DA:18,0
DA:19,0
DA:20,0
DA:21,0
DA:22,0
DA:25,0
DA:28,0
DA:29,0
DA:31,0
DA:32,0
DA:33,0
DA:35,0
DA:37,0
DA:38,0
DA:39,0
DA:42,0
DA:43,0
DA:44,0
DA:46,0
DA:47,0
DA:49,0
DA:50,0
DA:52,0
DA:54,0
DA:56,0
DA:60,0
LF:32
LH:0
BRDA:4,0,0,0
BRDA:4,0,1,0
BRDA:9,1,0,0
BRDA:9,1,1,0
BRDA:19,2,0,0
BRDA:19,2,1,0
BRDA:21,3,0,0
BRDA:21,3,1,0
BRDA:32,4,0,0
BRDA:32,4,1,0
BRDA:32,5,0,0
BRDA:32,5,1,0
BRDA:37,6,0,0
BRDA:37,6,1,0
BRDA:49,7,0,0
BRDA:49,7,1,0
BRF:16
BRH:0
end_of_record
TN:
SF:src/shared/components/app-shell.tsx
FN:32,AppShell
FN:33,(anonymous_1)
FN:37,(anonymous_2)
FN:49,(anonymous_3)
FN:76,(anonymous_4)
FN:114,(anonymous_5)
FN:114,(anonymous_6)
FNF:7
FNH:0
FNDA:0,AppShell
FNDA:0,(anonymous_1)
FNDA:0,(anonymous_2)
FNDA:0,(anonymous_3)
FNDA:0,(anonymous_4)
FNDA:0,(anonymous_5)
FNDA:0,(anonymous_6)
DA:1,0
DA:23,0
DA:33,0
DA:34,0
DA:35,0
DA:37,0
DA:38,0
DA:39,0
DA:42,0
DA:44,0
DA:46,0
DA:48,0
DA:49,0
DA:54,0
DA:57,0
DA:77,0
DA:114,0
LF:17
LH:0
BRDA:38,0,0,0
BRDA:38,0,1,0
BRDA:48,1,0,0
BRDA:48,1,1,0
BRDA:61,2,0,0
BRDA:61,2,1,0
BRDA:69,3,0,0
BRDA:69,3,1,0
BRDA:80,4,0,0
BRDA:80,4,1,0
BRDA:82,5,0,0
BRDA:82,5,1,0
BRDA:86,6,0,0
BRDA:86,6,1,0
BRDA:97,7,0,0
BRDA:97,7,1,0
BRDA:99,8,0,0
BRDA:99,8,1,0
BRDA:101,9,0,0
BRDA:101,9,1,0
BRDA:106,10,0,0
BRDA:106,10,1,0
BRDA:106,11,0,0
BRDA:106,11,1,0
BRDA:115,12,0,0
BRDA:115,12,1,0
BRDA:118,13,0,0
BRDA:118,13,1,0
BRF:28
BRH:0
end_of_record
TN:
SF:src/shared/components/global-music-mini-player.tsx
FNF:0
FNH:0
LF:0
LH:0
BRF:0
BRH:0
end_of_record
TN:
SF:src/shared/components/global-voice-note-widget.tsx
FN:42,createVoiceTitle
FN:52,GlobalVoiceNoteWidget
FN:62,(anonymous_2)
FN:66,(anonymous_3)
FN:71,(anonymous_4)
FN:85,(anonymous_5)
FN:86,(anonymous_6)
FN:91,(anonymous_7)
FN:120,(anonymous_8)
FN:134,(anonymous_9)
FN:137,(anonymous_10)
FN:143,(anonymous_11)
FN:157,(anonymous_12)
FN:181,(anonymous_13)
FN:197,(anonymous_14)
FN:208,(anonymous_15)
FN:220,(anonymous_16)
FN:232,(anonymous_17)
FN:258,(anonymous_18)
FNF:19
FNH:0
FNDA:0,createVoiceTitle
FNDA:0,GlobalVoiceNoteWidget
FNDA:0,(anonymous_2)
FNDA:0,(anonymous_3)
FNDA:0,(anonymous_4)
FNDA:0,(anonymous_5)
FNDA:0,(anonymous_6)
FNDA:0,(anonymous_7)
FNDA:0,(anonymous_8)
FNDA:0,(anonymous_9)
FNDA:0,(anonymous_10)
FNDA:0,(anonymous_11)
FNDA:0,(anonymous_12)
FNDA:0,(anonymous_13)
FNDA:0,(anonymous_14)
FNDA:0,(anonymous_15)
FNDA:0,(anonymous_16)
FNDA:0,(anonymous_17)
FNDA:0,(anonymous_18)
DA:1,0
DA:43,0
DA:45,0
DA:46,0
DA:49,0
DA:53,0
DA:54,0
DA:56,0
DA:57,0
DA:58,0
DA:60,0
DA:63,0
DA:64,0
DA:67,0
DA:71,0
DA:72,0
DA:73,0
DA:74,0
DA:77,0
DA:78,0
DA:79,0
DA:80,0
DA:81,0
DA:82,0
DA:85,0
DA:86,0
DA:87,0
DA:91,0
DA:92,0
DA:93,0
DA:97,0
DA:100,0
DA:101,0
DA:102,0
DA:105,0
DA:106,0
DA:107,0
DA:110,0
DA:112,0
DA:113,0
DA:114,0
DA:115,0
DA:117,0
DA:118,0
DA:120,0
DA:121,0
DA:123,0
DA:124,0
DA:125,0
DA:129,0
DA:130,0
DA:131,0
DA:134,0
DA:137,0
DA:138,0
DA:139,0
DA:140,0
DA:143,0
DA:144,0
DA:145,0
DA:148,0
DA:149,0
DA:151,0
DA:152,0
DA:153,0
DA:157,0
DA:158,0
DA:159,0
DA:160,0
DA:161,0
DA:164,0
DA:171,0
DA:172,0
DA:173,0
DA:176,0
DA:181,0
DA:198,0
DA:199,0
DA:208,0
DA:221,0
DA:222,0
DA:232,0
DA:258,0
LF:83
LH:0
BRDA:45,0,0,0
BRDA:45,0,1,0
BRDA:49,1,0,0
BRDA:49,1,1,0
BRDA:73,2,0,0
BRDA:73,2,1,0
BRDA:92,3,0,0
BRDA:92,3,1,0
BRDA:97,4,0,0
BRDA:97,4,1,0
BRDA:100,5,0,0
BRDA:100,5,1,0
BRDA:105,6,0,0
BRDA:105,6,1,0
BRDA:124,7,0,0
BRDA:124,7,1,0
BRDA:130,8,0,0
BRDA:130,8,1,0
BRDA:134,9,0,0
BRDA:134,9,1,0
BRDA:159,10,0,0
BRDA:159,10,1,0
BRDA:192,11,0,0
BRDA:192,11,1,0
BRDA:241,12,0,0
BRDA:241,12,1,0
BRDA:243,13,0,0
BRDA:243,13,1,0
BRDA:244,14,0,0
BRDA:244,14,1,0
BRDA:250,15,0,0
BRDA:250,15,1,0
BRF:32
BRH:0
end_of_record
TN:
SF:src/shared/components/providers.tsx
FN:9,Providers
FN:10,(anonymous_1)
FNF:2
FNH:0
FNDA:0,Providers
FNDA:0,(anonymous_1)
DA:1,0
DA:10,0
DA:12,0
DA:22,0
LF:4
LH:0
BRF:0
BRH:0
end_of_record
TN:
SF:src/shared/constants/auth/buttons.ts
FNF:0
FNH:0
DA:1,0
LF:1
LH:0
BRF:0
BRH:0
end_of_record
TN:
SF:src/shared/constants/auth/fields.ts
FNF:0
FNH:0
DA:1,0
DA:11,0
LF:2
LH:0
BRF:0
BRH:0
end_of_record
TN:
SF:src/shared/constants/auth/links.ts
FNF:0
FNH:0
DA:1,0
DA:9,0
LF:2
LH:0
BRF:0
BRH:0
end_of_record
TN:
SF:src/shared/constants/auth/messages.ts
FNF:0
FNH:0
DA:1,0
DA:8,0
LF:2
LH:0
BRF:0
BRH:0
end_of_record
TN:
SF:src/shared/constants/auth/pages.ts
FNF:0
FNH:0
DA:1,0
DA:8,0
LF:2
LH:0
BRF:0
BRH:0
end_of_record
TN:
SF:src/shared/store/auth.store.ts
FN:10,(anonymous_0)
FN:15,(anonymous_1)
FN:20,(anonymous_2)
FNF:3
FNH:0
FNDA:0,(anonymous_0)
FNDA:0,(anonymous_1)
FNDA:0,(anonymous_2)
DA:10,0
DA:16,0
DA:17,0
DA:18,0
DA:21,0
DA:22,0
DA:23,0
LF:7
LH:0
BRDA:12,0,0,0
BRDA:12,0,1,0
BRDA:14,1,0,0
BRDA:14,1,1,0
BRF:4
BRH:0
end_of_record
TN:
SF:src/shared/store/music-player.store.ts
FNF:0
FNH:0
LF:0
LH:0
BRF:0
BRH:0
end_of_record
TN:
SF:src/shared/utils/confetti.ts
FN:1,runConfettiBurst
FNF:1
FNH:0
FNDA:0,runConfettiBurst
DA:2,0
DA:3,0
DA:6,0
DA:8,0
DA:14,0
LF:5
LH:0
BRDA:2,0,0,0
BRDA:2,0,1,0
BRF:2
BRH:0
end_of_record
TN:
SF:src/shared/utils/use-debounced-value.ts
FN:3,useDebouncedValue
FN:6,(anonymous_1)
FN:7,(anonymous_2)
FN:11,(anonymous_3)
FNF:4
FNH:0
FNDA:0,useDebouncedValue
FNDA:0,(anonymous_1)
FNDA:0,(anonymous_2)
FNDA:0,(anonymous_3)
DA:4,0
DA:6,0
DA:7,0
DA:8,0
DA:11,0
DA:14,0
LF:6
LH:0
BRDA:3,0,0,0
BRF:1
BRH:0
end_of_record
